2020-01-07 07:23:54 [main] INFO  o.s.b.t.c.SpringBootTestContextBootstrapper -
				Neither @ContextConfiguration nor @ContextHierarchy found for test class [com.stackroute.keepnote.test.log.LoggerTest], using SpringBootContextLoader
2020-01-07 07:23:54 [main] INFO  o.s.t.c.s.AbstractContextLoader -
				Could not detect default resource locations for test class [com.stackroute.keepnote.test.log.LoggerTest]: no resource found for suffixes {-context.xml, Context.groovy}.
2020-01-07 07:23:54 [main] INFO  o.s.t.c.s.AnnotationConfigContextLoaderUtils -
				Could not detect default configuration classes for test class [com.stackroute.keepnote.test.log.LoggerTest]: LoggerTest does not declare any static, non-private, non-final, nested classes annotated with @Configuration.
2020-01-07 07:23:54 [main] INFO  o.s.b.t.c.SpringBootTestContextBootstrapper -
				Found @SpringBootConfiguration com.stackroute.keepnote.NoteServiceApplication for test class com.stackroute.keepnote.test.log.LoggerTest
2020-01-07 07:23:54 [main] INFO  o.s.b.t.c.SpringBootTestContextBootstrapper -
				Loaded default TestExecutionListener class names from location [META-INF/spring.factories]: [org.springframework.boot.test.mock.mockito.MockitoTestExecutionListener, org.springframework.boot.test.mock.mockito.ResetMocksTestExecutionListener, org.springframework.boot.test.autoconfigure.restdocs.RestDocsTestExecutionListener, org.springframework.boot.test.autoconfigure.web.client.MockRestServiceServerResetTestExecutionListener, org.springframework.boot.test.autoconfigure.web.servlet.MockMvcPrintOnlyOnFailureTestExecutionListener, org.springframework.boot.test.autoconfigure.web.servlet.WebDriverTestExecutionListener, org.springframework.test.context.web.ServletTestExecutionListener, org.springframework.test.context.support.DirtiesContextBeforeModesTestExecutionListener, org.springframework.test.context.support.DependencyInjectionTestExecutionListener, org.springframework.test.context.support.DirtiesContextTestExecutionListener, org.springframework.test.context.transaction.TransactionalTestExecutionListener, org.springframework.test.context.jdbc.SqlScriptsTestExecutionListener]
2020-01-07 07:23:54 [main] INFO  o.s.b.t.c.SpringBootTestContextBootstrapper -
				Using TestExecutionListeners: [org.springframework.test.context.web.ServletTestExecutionListener@7b02881e, org.springframework.test.context.support.DirtiesContextBeforeModesTestExecutionListener@1ebd319f, org.springframework.boot.test.mock.mockito.MockitoTestExecutionListener@3c0be339, org.springframework.boot.test.autoconfigure.SpringBootDependencyInjectionTestExecutionListener@15ca7889, org.springframework.test.context.support.DirtiesContextTestExecutionListener@7a675056, org.springframework.test.context.transaction.TransactionalTestExecutionListener@d21a74c, org.springframework.test.context.jdbc.SqlScriptsTestExecutionListener@6e509ffa, org.springframework.boot.test.mock.mockito.ResetMocksTestExecutionListener@2898ac89, org.springframework.boot.test.autoconfigure.restdocs.RestDocsTestExecutionListener@683dbc2c, org.springframework.boot.test.autoconfigure.web.client.MockRestServiceServerResetTestExecutionListener@68267da0, org.springframework.boot.test.autoconfigure.web.servlet.MockMvcPrintOnlyOnFailureTestExecutionListener@2638011, org.springframework.boot.test.autoconfigure.web.servlet.WebDriverTestExecutionListener@6ff29830]
2020-01-07 07:23:54 [main] INFO  c.s.keepnote.test.log.LoggerTest -
				Starting LoggerTest on ip-172-31-83-26 with PID 10966 (started by ubuntu in /home/ubuntu/Desktop/KeepNote-Step6-Boilerplate/NoteService)
2020-01-07 07:23:54 [main] INFO  c.s.keepnote.test.log.LoggerTest -
				No active profile set, falling back to default profiles: default
2020-01-07 07:23:54 [main] INFO  o.s.w.c.s.GenericWebApplicationContext -
				Refreshing org.springframework.web.context.support.GenericWebApplicationContext@6f15d60e: startup date [Tue Jan 07 07:23:54 UTC 2020]; root of context hierarchy
2020-01-07 07:23:56 [Thread-3] INFO  o.s.b.a.mongo.embedded.EmbeddedMongo -
				note: noprealloc may hurt performance in many applications
2020-01-07 07:23:56 [Thread-3] INFO  o.s.b.a.mongo.embedded.EmbeddedMongo -
				2020-01-07T07:23:56.549+0000 I CONTROL  [initandlisten] MongoDB starting : pid=10989 port=45063 dbpath=/tmp/embedmongo-db-4e68193d-99fc-4519-b61d-6af0557e54a8 64-bit host=ip-172-31-83-26
2020-01-07 07:23:56 [Thread-3] INFO  o.s.b.a.mongo.embedded.EmbeddedMongo -
				2020-01-07T07:23:56.550+0000 I CONTROL  [initandlisten] db version v3.2.2
2020-01-07 07:23:56 [Thread-3] INFO  o.s.b.a.mongo.embedded.EmbeddedMongo -
				2020-01-07T07:23:56.550+0000 I CONTROL  [initandlisten] git version: 6e71d0d568e134c029203593b00a0103e7cdf30b
2020-01-07 07:23:56 [Thread-3] INFO  o.s.b.a.mongo.embedded.EmbeddedMongo -
				2020-01-07T07:23:56.551+0000 I CONTROL  [initandlisten] allocator: tcmalloc
2020-01-07 07:23:56 [Thread-3] INFO  o.s.b.a.mongo.embedded.EmbeddedMongo -
				2020-01-07T07:23:56.551+0000 I CONTROL  [initandlisten] modules: none
2020-01-07 07:23:56 [Thread-3] INFO  o.s.b.a.mongo.embedded.EmbeddedMongo -
				2020-01-07T07:23:56.551+0000 I CONTROL  [initandlisten] build environment:
2020-01-07 07:23:56 [Thread-3] INFO  o.s.b.a.mongo.embedded.EmbeddedMongo -
				2020-01-07T07:23:56.552+0000 I CONTROL  [initandlisten]     distarch: x86_64
2020-01-07 07:23:56 [Thread-3] INFO  o.s.b.a.mongo.embedded.EmbeddedMongo -
				2020-01-07T07:23:56.552+0000 I CONTROL  [initandlisten]     target_arch: x86_64
2020-01-07 07:23:56 [Thread-3] INFO  o.s.b.a.mongo.embedded.EmbeddedMongo -
				2020-01-07T07:23:56.552+0000 I CONTROL  [initandlisten] options: { net: { bindIp: "127.0.0.1", http: { enabled: false }, port: 45063 }, security: { authorization: "disabled" }, storage: { dbPath: "/tmp/embedmongo-db-4e68193d-99fc-4519-b61d-6af0557e54a8", journal: { enabled: false }, mmapv1: { preallocDataFiles: false, smallFiles: true }, syncPeriodSecs: 0.0 } }
2020-01-07 07:23:56 [Thread-3] INFO  o.s.b.a.mongo.embedded.EmbeddedMongo -
				2020-01-07T07:23:56.578+0000 I STORAGE  [initandlisten] wiredtiger_open config: create,cache_size=4G,session_max=20000,eviction=(threads_max=4),config_base=false,statistics=(fast),log=(enabled=true,archive=true,path=journal,compressor=snappy),file_manager=(close_idle_time=100000),checkpoint=(wait=0,log_size=2GB),statistics_log=(wait=0),,log=(enabled=false),
2020-01-07 07:23:56 [Thread-3] INFO  o.s.b.a.mongo.embedded.EmbeddedMongo -
				2020-01-07T07:23:56.875+0000 W STORAGE  [initandlisten] Detected configuration for non-active storage engine mmapv1 when current storage engine is wiredTiger
2020-01-07 07:23:56 [Thread-3] INFO  o.s.b.a.mongo.embedded.EmbeddedMongo -
				2020-01-07T07:23:56.876+0000 I FTDC     [initandlisten] Initializing full-time diagnostic data capture with directory '/tmp/embedmongo-db-4e68193d-99fc-4519-b61d-6af0557e54a8/diagnostic.data'
2020-01-07 07:23:56 [Thread-3] INFO  o.s.b.a.mongo.embedded.EmbeddedMongo -
				2020-01-07T07:23:56.878+0000 I NETWORK  [HostnameCanonicalizationWorker] Starting hostname canonicalization worker
2020-01-07 07:23:56 [Thread-3] INFO  o.s.b.a.mongo.embedded.EmbeddedMongo -
				2020-01-07T07:23:56.895+0000 I NETWORK  [initandlisten] waiting for connections on port 45063
2020-01-07 07:23:56 [main] INFO  d.f.embed.process.runtime.Executable -
				start de.flapdoodle.embed.mongo.config.MongodConfigBuilder$ImmutableMongodConfig@44c5a16f
2020-01-07 07:23:57 [main] INFO  org.mongodb.driver.cluster -
				Cluster created with settings {hosts=[localhost:45063], mode=MULTIPLE, requiredClusterType=UNKNOWN, serverSelectionTimeout='30000 ms', maxWaitQueueSize=500}
2020-01-07 07:23:57 [main] INFO  org.mongodb.driver.cluster -
				Adding discovered server localhost:45063 to client view of cluster
2020-01-07 07:23:57 [Thread-3] INFO  o.s.b.a.mongo.embedded.EmbeddedMongo -
				2020-01-07T07:23:57.336+0000 I NETWORK  [initandlisten] connection accepted from 127.0.0.1:51334 #1 (1 connection now open)
2020-01-07 07:23:57 [cluster-ClusterId{value='5e14320df154a72ad6491584', description='null'}-localhost:45063] INFO  org.mongodb.driver.connection -
				Opened connection [connectionId{localValue:1, serverValue:1}] to localhost:45063
2020-01-07 07:23:57 [cluster-ClusterId{value='5e14320df154a72ad6491584', description='null'}-localhost:45063] INFO  org.mongodb.driver.cluster -
				Monitor thread successfully connected to server with description ServerDescription{address=localhost:45063, type=STANDALONE, state=CONNECTED, ok=true, version=ServerVersion{versionList=[3, 2, 2]}, minWireVersion=0, maxWireVersion=4, maxDocumentSize=16777216, logicalSessionTimeoutMinutes=null, roundTripTimeNanos=1417304}
2020-01-07 07:23:57 [cluster-ClusterId{value='5e14320df154a72ad6491584', description='null'}-localhost:45063] INFO  org.mongodb.driver.cluster -
				Discovered cluster type of STANDALONE
2020-01-07 07:23:57 [main] INFO  o.s.w.s.h.SimpleUrlHandlerMapping -
				Mapped URL path [/**/favicon.ico] onto handler of type [class org.springframework.web.servlet.resource.ResourceHttpRequestHandler]
2020-01-07 07:23:58 [main] INFO  o.s.w.s.m.m.a.RequestMappingHandlerAdapter -
				Looking for @ControllerAdvice: org.springframework.web.context.support.GenericWebApplicationContext@6f15d60e: startup date [Tue Jan 07 07:23:54 UTC 2020]; root of context hierarchy
2020-01-07 07:23:58 [main] INFO  o.s.w.s.m.m.a.RequestMappingHandlerMapping -
				Mapped "{[/api/v1/note],methods=[POST]}" onto public org.springframework.http.ResponseEntity<?> com.stackroute.keepnote.controller.NoteController.createNote(com.stackroute.keepnote.model.Note)
2020-01-07 07:23:58 [main] INFO  o.s.w.s.m.m.a.RequestMappingHandlerMapping -
				Mapped "{[/api/v1/note/{userId}/{noteId}],methods=[DELETE]}" onto public org.springframework.http.ResponseEntity<?> com.stackroute.keepnote.controller.NoteController.deleteNote(java.lang.String,int)
2020-01-07 07:23:58 [main] INFO  o.s.w.s.m.m.a.RequestMappingHandlerMapping -
				Mapped "{[/api/v1/note/{userId}],methods=[DELETE]}" onto public org.springframework.http.ResponseEntity<?> com.stackroute.keepnote.controller.NoteController.deleteAllNotes(java.lang.String)
2020-01-07 07:23:58 [main] INFO  o.s.w.s.m.m.a.RequestMappingHandlerMapping -
				Mapped "{[/api/v1/note/{userId}/{noteId}],methods=[PUT]}" onto public org.springframework.http.ResponseEntity<?> com.stackroute.keepnote.controller.NoteController.updateNote(com.stackroute.keepnote.model.Note,java.lang.String,int)
2020-01-07 07:23:58 [main] INFO  o.s.w.s.m.m.a.RequestMappingHandlerMapping -
				Mapped "{[/api/v1/note/{userId}],methods=[GET]}" onto public org.springframework.http.ResponseEntity<?> com.stackroute.keepnote.controller.NoteController.getAllNoteById(java.lang.String)
2020-01-07 07:23:58 [main] INFO  o.s.w.s.m.m.a.RequestMappingHandlerMapping -
				Mapped "{[/api/v1/note/{userId}/{noteId}],methods=[GET]}" onto public org.springframework.http.ResponseEntity<?> com.stackroute.keepnote.controller.NoteController.getNoteById(java.lang.String,int)
2020-01-07 07:23:58 [main] INFO  o.s.w.s.m.m.a.RequestMappingHandlerMapping -
				Mapped "{[/error],produces=[text/html]}" onto public org.springframework.web.servlet.ModelAndView org.springframework.boot.autoconfigure.web.servlet.error.BasicErrorController.errorHtml(javax.servlet.http.HttpServletRequest,javax.servlet.http.HttpServletResponse)
2020-01-07 07:23:58 [main] INFO  o.s.w.s.m.m.a.RequestMappingHandlerMapping -
				Mapped "{[/error]}" onto public org.springframework.http.ResponseEntity<java.util.Map<java.lang.String, java.lang.Object>> org.springframework.boot.autoconfigure.web.servlet.error.BasicErrorController.error(javax.servlet.http.HttpServletRequest)
2020-01-07 07:23:58 [main] INFO  o.s.w.s.h.SimpleUrlHandlerMapping -
				Mapped URL path [/webjars/**] onto handler of type [class org.springframework.web.servlet.resource.ResourceHttpRequestHandler]
2020-01-07 07:23:58 [main] INFO  o.s.w.s.h.SimpleUrlHandlerMapping -
				Mapped URL path [/**] onto handler of type [class org.springframework.web.servlet.resource.ResourceHttpRequestHandler]
2020-01-07 07:23:58 [main] INFO  c.s.keepnote.test.log.LoggerTest -
				Started LoggerTest in 4.347 seconds (JVM running for 5.285)
2020-01-07 07:23:58 [Thread-5] INFO  o.s.w.c.s.GenericWebApplicationContext -
				Closing org.springframework.web.context.support.GenericWebApplicationContext@6f15d60e: startup date [Tue Jan 07 07:23:54 UTC 2020]; root of context hierarchy
2020-01-07 07:23:58 [Thread-3] INFO  o.s.b.a.mongo.embedded.EmbeddedMongo -
				2020-01-07T07:23:58.852+0000 I NETWORK  [conn1] end connection 127.0.0.1:51334 (0 connections now open)
2020-01-07 07:23:58 [Thread-3] INFO  o.s.b.a.mongo.embedded.EmbeddedMongo -
				2020-01-07T07:23:58.853+0000 I NETWORK  [initandlisten] connection accepted from 127.0.0.1:51336 #2 (1 connection now open)
2020-01-07 07:23:58 [Thread-3] INFO  o.s.b.a.mongo.embedded.EmbeddedMongo -
				2020-01-07T07:23:58.856+0000 I COMMAND  [conn2] terminating, shutdown command received
2020-01-07 07:23:58 [Thread-3] INFO  o.s.b.a.mongo.embedded.EmbeddedMongo -
				2020-01-07T07:23:58.857+0000 I FTDC     [conn2] Shutting down full-time diagnostic data capture
2020-01-07 07:23:58 [Thread-3] INFO  o.s.b.a.mongo.embedded.EmbeddedMongo -
				2020-01-07T07:23:58.865+0000 I CONTROL  [conn2] now exiting
2020-01-07 07:23:58 [Thread-3] INFO  o.s.b.a.mongo.embedded.EmbeddedMongo -
				2020-01-07T07:23:58.865+0000 I NETWORK  [conn2] shutdown: going to close listening sockets...
2020-01-07 07:23:58 [Thread-3] INFO  o.s.b.a.mongo.embedded.EmbeddedMongo -
				2020-01-07T07:23:58.866+0000 I NETWORK  [conn2] closing listening socket: 5
2020-01-07 07:23:58 [Thread-3] INFO  o.s.b.a.mongo.embedded.EmbeddedMongo -
				2020-01-07T07:23:58.866+0000 I NETWORK  [conn2] closing listening socket: 6
2020-01-07 07:23:58 [Thread-3] INFO  o.s.b.a.mongo.embedded.EmbeddedMongo -
				2020-01-07T07:23:58.866+0000 I NETWORK  [conn2] removing socket file: /tmp/mongodb-45063.sock
2020-01-07 07:23:58 [Thread-3] INFO  o.s.b.a.mongo.embedded.EmbeddedMongo -
				2020-01-07T07:23:58.866+0000 I NETWORK  [conn2] shutdown: going to flush diaglog...
2020-01-07 07:23:58 [Thread-3] INFO  o.s.b.a.mongo.embedded.EmbeddedMongo -
				2020-01-07T07:23:58.866+0000 I NETWORK  [conn2] shutdown: going to close sockets...
2020-01-07 07:23:58 [Thread-3] INFO  o.s.b.a.mongo.embedded.EmbeddedMongo -
				2020-01-07T07:23:58.867+0000 I STORAGE  [conn2] WiredTigerKVEngine shutting down
2020-01-07 07:23:58 [Thread-3] INFO  o.s.b.a.mongo.embedded.EmbeddedMongo -
				2020-01-07T07:23:58.885+0000 I STORAGE  [conn2] shutdown: removing fs lock...
2020-01-07 07:23:58 [Thread-3] INFO  o.s.b.a.mongo.embedded.EmbeddedMongo -
				2020-01-07T07:23:58.885+0000 I CONTROL  [conn2] dbexit:  rc: 0
