2020-01-07 09:11:57 [main] INFO  o.s.b.t.c.SpringBootTestContextBootstrapper -
				Neither @ContextConfiguration nor @ContextHierarchy found for test class [com.stackroute.keepnote.test.repository.CategoryRepositoryTest], using SpringBootContextLoader
2020-01-07 09:11:57 [main] INFO  o.s.t.c.s.AbstractContextLoader -
				Could not detect default resource locations for test class [com.stackroute.keepnote.test.repository.CategoryRepositoryTest]: no resource found for suffixes {-context.xml, Context.groovy}.
2020-01-07 09:11:57 [main] INFO  o.s.t.c.s.AnnotationConfigContextLoaderUtils -
				Could not detect default configuration classes for test class [com.stackroute.keepnote.test.repository.CategoryRepositoryTest]: CategoryRepositoryTest does not declare any static, non-private, non-final, nested classes annotated with @Configuration.
2020-01-07 09:11:57 [main] INFO  o.s.b.t.c.SpringBootTestContextBootstrapper -
				Found @SpringBootConfiguration com.stackroute.keepnote.CategoryServiceApplication for test class com.stackroute.keepnote.test.repository.CategoryRepositoryTest
2020-01-07 09:11:57 [main] INFO  o.s.b.t.c.SpringBootTestContextBootstrapper -
				Loaded default TestExecutionListener class names from location [META-INF/spring.factories]: [org.springframework.boot.test.mock.mockito.MockitoTestExecutionListener, org.springframework.boot.test.mock.mockito.ResetMocksTestExecutionListener, org.springframework.boot.test.autoconfigure.restdocs.RestDocsTestExecutionListener, org.springframework.boot.test.autoconfigure.web.client.MockRestServiceServerResetTestExecutionListener, org.springframework.boot.test.autoconfigure.web.servlet.MockMvcPrintOnlyOnFailureTestExecutionListener, org.springframework.boot.test.autoconfigure.web.servlet.WebDriverTestExecutionListener, org.springframework.test.context.web.ServletTestExecutionListener, org.springframework.test.context.support.DirtiesContextBeforeModesTestExecutionListener, org.springframework.test.context.support.DependencyInjectionTestExecutionListener, org.springframework.test.context.support.DirtiesContextTestExecutionListener, org.springframework.test.context.transaction.TransactionalTestExecutionListener, org.springframework.test.context.jdbc.SqlScriptsTestExecutionListener]
2020-01-07 09:11:57 [main] INFO  o.s.b.t.c.SpringBootTestContextBootstrapper -
				Using TestExecutionListeners: [org.springframework.test.context.web.ServletTestExecutionListener@4efbca5a, org.springframework.test.context.support.DirtiesContextBeforeModesTestExecutionListener@1b7cc17c, org.springframework.boot.test.mock.mockito.MockitoTestExecutionListener@59662a0b, org.springframework.boot.test.autoconfigure.SpringBootDependencyInjectionTestExecutionListener@77fbd92c, org.springframework.test.context.support.DirtiesContextTestExecutionListener@67c27493, org.springframework.test.context.transaction.TransactionalTestExecutionListener@1a482e36, org.springframework.test.context.jdbc.SqlScriptsTestExecutionListener@72967906, org.springframework.boot.test.mock.mockito.ResetMocksTestExecutionListener@5b8dfcc1, org.springframework.boot.test.autoconfigure.restdocs.RestDocsTestExecutionListener@2f9f7dcf, org.springframework.boot.test.autoconfigure.web.client.MockRestServiceServerResetTestExecutionListener@747ddf94, org.springframework.boot.test.autoconfigure.web.servlet.MockMvcPrintOnlyOnFailureTestExecutionListener@35e2d654, org.springframework.boot.test.autoconfigure.web.servlet.WebDriverTestExecutionListener@1bd4fdd]
2020-01-07 09:11:57 [main] INFO  c.s.k.t.r.CategoryRepositoryTest -
				Starting CategoryRepositoryTest on ip-172-31-83-26 with PID 5517 (started by ubuntu in /home/ubuntu/Desktop/KeepNote-Step6-Boilerplate/CategoryService)
2020-01-07 09:11:57 [main] INFO  c.s.k.t.r.CategoryRepositoryTest -
				No active profile set, falling back to default profiles: default
2020-01-07 09:11:57 [main] INFO  o.s.c.a.AnnotationConfigApplicationContext -
				Refreshing org.springframework.context.annotation.AnnotationConfigApplicationContext@51bd8b5c: startup date [Tue Jan 07 09:11:57 UTC 2020]; root of context hierarchy
2020-01-07 09:11:59 [main] INFO  d.f.e.process.runtime.ProcessControl -
				stopOrDestroyProcess: process hasn't exited 
2020-01-07 09:11:59 [Thread-4] INFO  o.s.b.a.mongo.embedded.EmbeddedMongo -
				note: noprealloc may hurt performance in many applications
2020-01-07 09:11:59 [Thread-4] INFO  o.s.b.a.mongo.embedded.EmbeddedMongo -
				2020-01-07T09:11:59.038+0000 I CONTROL  [initandlisten] MongoDB starting : pid=5546 port=37925 dbpath=/tmp/embedmongo-db-527252b9-fa7f-4f2d-94b0-da60c73088f0 64-bit host=ip-172-31-83-26
2020-01-07 09:11:59 [Thread-4] INFO  o.s.b.a.mongo.embedded.EmbeddedMongo -
				2020-01-07T09:11:59.038+0000 I CONTROL  [initandlisten] db version v3.2.2
2020-01-07 09:11:59 [Thread-4] INFO  o.s.b.a.mongo.embedded.EmbeddedMongo -
				2020-01-07T09:11:59.038+0000 I CONTROL  [initandlisten] git version: 6e71d0d568e134c029203593b00a0103e7cdf30b
2020-01-07 09:11:59 [Thread-4] INFO  o.s.b.a.mongo.embedded.EmbeddedMongo -
				2020-01-07T09:11:59.038+0000 I CONTROL  [initandlisten] allocator: tcmalloc
2020-01-07 09:11:59 [Thread-4] INFO  o.s.b.a.mongo.embedded.EmbeddedMongo -
				2020-01-07T09:11:59.038+0000 I CONTROL  [initandlisten] modules: none
2020-01-07 09:11:59 [Thread-4] INFO  o.s.b.a.mongo.embedded.EmbeddedMongo -
				2020-01-07T09:11:59.038+0000 I CONTROL  [initandlisten] build environment:
2020-01-07 09:11:59 [Thread-4] INFO  o.s.b.a.mongo.embedded.EmbeddedMongo -
				2020-01-07T09:11:59.038+0000 I CONTROL  [initandlisten]     distarch: x86_64
2020-01-07 09:11:59 [Thread-4] INFO  o.s.b.a.mongo.embedded.EmbeddedMongo -
				2020-01-07T09:11:59.038+0000 I CONTROL  [initandlisten]     target_arch: x86_64
2020-01-07 09:11:59 [Thread-4] INFO  o.s.b.a.mongo.embedded.EmbeddedMongo -
				2020-01-07T09:11:59.038+0000 I CONTROL  [initandlisten] options: { net: { bindIp: "127.0.0.1", http: { enabled: false }, port: 37925 }, security: { authorization: "disabled" }, storage: { dbPath: "/tmp/embedmongo-db-527252b9-fa7f-4f2d-94b0-da60c73088f0", journal: { enabled: false }, mmapv1: { preallocDataFiles: false, smallFiles: true }, syncPeriodSecs: 0.0 } }
2020-01-07 09:11:59 [Thread-4] INFO  o.s.b.a.mongo.embedded.EmbeddedMongo -
				2020-01-07T09:11:59.071+0000 I STORAGE  [initandlisten] wiredtiger_open config: create,cache_size=4G,session_max=20000,eviction=(threads_max=4),config_base=false,statistics=(fast),log=(enabled=true,archive=true,path=journal,compressor=snappy),file_manager=(close_idle_time=100000),checkpoint=(wait=0,log_size=2GB),statistics_log=(wait=0),,log=(enabled=false),
2020-01-07 09:11:59 [Thread-4] INFO  o.s.b.a.mongo.embedded.EmbeddedMongo -
				2020-01-07T09:11:59.121+0000 W STORAGE  [initandlisten] Detected configuration for non-active storage engine mmapv1 when current storage engine is wiredTiger
2020-01-07 09:11:59 [Thread-4] INFO  o.s.b.a.mongo.embedded.EmbeddedMongo -
				2020-01-07T09:11:59.121+0000 I FTDC     [initandlisten] Initializing full-time diagnostic data capture with directory '/tmp/embedmongo-db-527252b9-fa7f-4f2d-94b0-da60c73088f0/diagnostic.data'
2020-01-07 09:11:59 [Thread-4] INFO  o.s.b.a.mongo.embedded.EmbeddedMongo -
				2020-01-07T09:11:59.122+0000 I NETWORK  [HostnameCanonicalizationWorker] Starting hostname canonicalization worker
2020-01-07 09:11:59 [Thread-4] INFO  o.s.b.a.mongo.embedded.EmbeddedMongo -
				2020-01-07T09:11:59.138+0000 I NETWORK  [initandlisten] waiting for connections on port 37925
2020-01-07 09:11:59 [main] INFO  d.f.embed.process.runtime.Executable -
				start de.flapdoodle.embed.mongo.config.MongodConfigBuilder$ImmutableMongodConfig@1095f122
2020-01-07 09:11:59 [main] INFO  org.mongodb.driver.cluster -
				Cluster created with settings {hosts=[localhost:37925], mode=MULTIPLE, requiredClusterType=UNKNOWN, serverSelectionTimeout='30000 ms', maxWaitQueueSize=500}
2020-01-07 09:11:59 [main] INFO  org.mongodb.driver.cluster -
				Adding discovered server localhost:37925 to client view of cluster
2020-01-07 09:11:59 [Thread-4] INFO  o.s.b.a.mongo.embedded.EmbeddedMongo -
				2020-01-07T09:11:59.397+0000 I NETWORK  [initandlisten] connection accepted from 127.0.0.1:42118 #1 (1 connection now open)
2020-01-07 09:11:59 [cluster-ClusterId{value='5e144b5f0ca15e158d5875c2', description='null'}-localhost:37925] INFO  org.mongodb.driver.connection -
				Opened connection [connectionId{localValue:1, serverValue:1}] to localhost:37925
2020-01-07 09:11:59 [cluster-ClusterId{value='5e144b5f0ca15e158d5875c2', description='null'}-localhost:37925] INFO  org.mongodb.driver.cluster -
				Monitor thread successfully connected to server with description ServerDescription{address=localhost:37925, type=STANDALONE, state=CONNECTED, ok=true, version=ServerVersion{versionList=[3, 2, 2]}, minWireVersion=0, maxWireVersion=4, maxDocumentSize=16777216, logicalSessionTimeoutMinutes=null, roundTripTimeNanos=3561272}
2020-01-07 09:11:59 [cluster-ClusterId{value='5e144b5f0ca15e158d5875c2', description='null'}-localhost:37925] INFO  org.mongodb.driver.cluster -
				Discovered cluster type of STANDALONE
2020-01-07 09:11:59 [main] INFO  c.s.k.t.r.CategoryRepositoryTest -
				Started CategoryRepositoryTest in 2.419 seconds (JVM running for 3.535)
2020-01-07 09:11:59 [Thread-4] INFO  o.s.b.a.mongo.embedded.EmbeddedMongo -
				2020-01-07T09:11:59.995+0000 I NETWORK  [initandlisten] connection accepted from 127.0.0.1:42120 #2 (2 connections now open)
2020-01-07 09:11:59 [main] INFO  org.mongodb.driver.connection -
				Opened connection [connectionId{localValue:2, serverValue:2}] to localhost:37925
2020-01-07 09:12:00 [main] INFO  o.s.b.t.c.SpringBootTestContextBootstrapper -
				Neither @ContextConfiguration nor @ContextHierarchy found for test class [com.stackroute.keepnote.test.log.LoggerTest], using SpringBootContextLoader
2020-01-07 09:12:00 [main] INFO  o.s.t.c.s.AbstractContextLoader -
				Could not detect default resource locations for test class [com.stackroute.keepnote.test.log.LoggerTest]: no resource found for suffixes {-context.xml, Context.groovy}.
2020-01-07 09:12:00 [main] INFO  o.s.t.c.s.AnnotationConfigContextLoaderUtils -
				Could not detect default configuration classes for test class [com.stackroute.keepnote.test.log.LoggerTest]: LoggerTest does not declare any static, non-private, non-final, nested classes annotated with @Configuration.
2020-01-07 09:12:00 [main] INFO  o.s.b.t.c.SpringBootTestContextBootstrapper -
				Found @SpringBootConfiguration com.stackroute.keepnote.CategoryServiceApplication for test class com.stackroute.keepnote.test.log.LoggerTest
2020-01-07 09:12:00 [main] INFO  o.s.b.t.c.SpringBootTestContextBootstrapper -
				Loaded default TestExecutionListener class names from location [META-INF/spring.factories]: [org.springframework.boot.test.mock.mockito.MockitoTestExecutionListener, org.springframework.boot.test.mock.mockito.ResetMocksTestExecutionListener, org.springframework.boot.test.autoconfigure.restdocs.RestDocsTestExecutionListener, org.springframework.boot.test.autoconfigure.web.client.MockRestServiceServerResetTestExecutionListener, org.springframework.boot.test.autoconfigure.web.servlet.MockMvcPrintOnlyOnFailureTestExecutionListener, org.springframework.boot.test.autoconfigure.web.servlet.WebDriverTestExecutionListener, org.springframework.test.context.web.ServletTestExecutionListener, org.springframework.test.context.support.DirtiesContextBeforeModesTestExecutionListener, org.springframework.test.context.support.DependencyInjectionTestExecutionListener, org.springframework.test.context.support.DirtiesContextTestExecutionListener, org.springframework.test.context.transaction.TransactionalTestExecutionListener, org.springframework.test.context.jdbc.SqlScriptsTestExecutionListener]
2020-01-07 09:12:00 [main] INFO  o.s.b.t.c.SpringBootTestContextBootstrapper -
				Using TestExecutionListeners: [org.springframework.test.context.web.ServletTestExecutionListener@cda6019, org.springframework.test.context.support.DirtiesContextBeforeModesTestExecutionListener@797c3c3b, org.springframework.boot.test.mock.mockito.MockitoTestExecutionListener@4012d5bc, org.springframework.boot.test.autoconfigure.SpringBootDependencyInjectionTestExecutionListener@4375b013, org.springframework.test.context.support.DirtiesContextTestExecutionListener@1cf0cacc, org.springframework.test.context.transaction.TransactionalTestExecutionListener@4f5b08d, org.springframework.test.context.jdbc.SqlScriptsTestExecutionListener@529c2a9a, org.springframework.boot.test.mock.mockito.ResetMocksTestExecutionListener@3c87fdf2, org.springframework.boot.test.autoconfigure.restdocs.RestDocsTestExecutionListener@26bbe604, org.springframework.boot.test.autoconfigure.web.client.MockRestServiceServerResetTestExecutionListener@fe34b86, org.springframework.boot.test.autoconfigure.web.servlet.MockMvcPrintOnlyOnFailureTestExecutionListener@3c98781a, org.springframework.boot.test.autoconfigure.web.servlet.WebDriverTestExecutionListener@3f736a16]
2020-01-07 09:12:00 [main] INFO  c.s.keepnote.test.log.LoggerTest -
				Starting LoggerTest on ip-172-31-83-26 with PID 5517 (started by ubuntu in /home/ubuntu/Desktop/KeepNote-Step6-Boilerplate/CategoryService)
2020-01-07 09:12:00 [main] INFO  c.s.keepnote.test.log.LoggerTest -
				No active profile set, falling back to default profiles: default
2020-01-07 09:12:00 [main] INFO  o.s.w.c.s.GenericWebApplicationContext -
				Refreshing org.springframework.web.context.support.GenericWebApplicationContext@2c88a3e8: startup date [Tue Jan 07 09:12:00 UTC 2020]; root of context hierarchy
2020-01-07 09:12:01 [Thread-9] INFO  o.s.b.a.mongo.embedded.EmbeddedMongo -
				note: noprealloc may hurt performance in many applications
2020-01-07 09:12:01 [Thread-9] INFO  o.s.b.a.mongo.embedded.EmbeddedMongo -
				2020-01-07T09:12:01.428+0000 I CONTROL  [initandlisten] MongoDB starting : pid=5569 port=34003 dbpath=/tmp/embedmongo-db-52de8018-e220-4d95-a8e0-deafb8ff0666 64-bit host=ip-172-31-83-26
2020-01-07 09:12:01 [Thread-9] INFO  o.s.b.a.mongo.embedded.EmbeddedMongo -
				2020-01-07T09:12:01.428+0000 I CONTROL  [initandlisten] db version v3.2.2
2020-01-07 09:12:01 [Thread-9] INFO  o.s.b.a.mongo.embedded.EmbeddedMongo -
				2020-01-07T09:12:01.429+0000 I CONTROL  [initandlisten] git version: 6e71d0d568e134c029203593b00a0103e7cdf30b
2020-01-07 09:12:01 [Thread-9] INFO  o.s.b.a.mongo.embedded.EmbeddedMongo -
				2020-01-07T09:12:01.429+0000 I CONTROL  [initandlisten] allocator: tcmalloc
2020-01-07 09:12:01 [Thread-9] INFO  o.s.b.a.mongo.embedded.EmbeddedMongo -
				2020-01-07T09:12:01.429+0000 I CONTROL  [initandlisten] modules: none
2020-01-07 09:12:01 [Thread-9] INFO  o.s.b.a.mongo.embedded.EmbeddedMongo -
				2020-01-07T09:12:01.429+0000 I CONTROL  [initandlisten] build environment:
2020-01-07 09:12:01 [Thread-9] INFO  o.s.b.a.mongo.embedded.EmbeddedMongo -
				2020-01-07T09:12:01.429+0000 I CONTROL  [initandlisten]     distarch: x86_64
2020-01-07 09:12:01 [Thread-9] INFO  o.s.b.a.mongo.embedded.EmbeddedMongo -
				2020-01-07T09:12:01.429+0000 I CONTROL  [initandlisten]     target_arch: x86_64
2020-01-07 09:12:01 [Thread-9] INFO  o.s.b.a.mongo.embedded.EmbeddedMongo -
				2020-01-07T09:12:01.429+0000 I CONTROL  [initandlisten] options: { net: { bindIp: "127.0.0.1", http: { enabled: false }, port: 34003 }, security: { authorization: "disabled" }, storage: { dbPath: "/tmp/embedmongo-db-52de8018-e220-4d95-a8e0-deafb8ff0666", journal: { enabled: false }, mmapv1: { preallocDataFiles: false, smallFiles: true }, syncPeriodSecs: 0.0 } }
2020-01-07 09:12:01 [Thread-9] INFO  o.s.b.a.mongo.embedded.EmbeddedMongo -
				2020-01-07T09:12:01.454+0000 I STORAGE  [initandlisten] wiredtiger_open config: create,cache_size=4G,session_max=20000,eviction=(threads_max=4),config_base=false,statistics=(fast),log=(enabled=true,archive=true,path=journal,compressor=snappy),file_manager=(close_idle_time=100000),checkpoint=(wait=0,log_size=2GB),statistics_log=(wait=0),,log=(enabled=false),
2020-01-07 09:12:01 [Thread-9] INFO  o.s.b.a.mongo.embedded.EmbeddedMongo -
				2020-01-07T09:12:01.505+0000 W STORAGE  [initandlisten] Detected configuration for non-active storage engine mmapv1 when current storage engine is wiredTiger
2020-01-07 09:12:01 [Thread-9] INFO  o.s.b.a.mongo.embedded.EmbeddedMongo -
				2020-01-07T09:12:01.506+0000 I FTDC     [initandlisten] Initializing full-time diagnostic data capture with directory '/tmp/embedmongo-db-52de8018-e220-4d95-a8e0-deafb8ff0666/diagnostic.data'
2020-01-07 09:12:01 [Thread-9] INFO  o.s.b.a.mongo.embedded.EmbeddedMongo -
				2020-01-07T09:12:01.506+0000 I NETWORK  [HostnameCanonicalizationWorker] Starting hostname canonicalization worker
2020-01-07 09:12:01 [Thread-9] INFO  o.s.b.a.mongo.embedded.EmbeddedMongo -
				2020-01-07T09:12:01.521+0000 I NETWORK  [initandlisten] waiting for connections on port 34003
2020-01-07 09:12:01 [main] INFO  d.f.embed.process.runtime.Executable -
				start de.flapdoodle.embed.mongo.config.MongodConfigBuilder$ImmutableMongodConfig@70a898b0
2020-01-07 09:12:01 [main] INFO  org.mongodb.driver.cluster -
				Cluster created with settings {hosts=[localhost:34003], mode=MULTIPLE, requiredClusterType=UNKNOWN, serverSelectionTimeout='30000 ms', maxWaitQueueSize=500}
2020-01-07 09:12:01 [main] INFO  org.mongodb.driver.cluster -
				Adding discovered server localhost:34003 to client view of cluster
2020-01-07 09:12:01 [Thread-9] INFO  o.s.b.a.mongo.embedded.EmbeddedMongo -
				2020-01-07T09:12:01.529+0000 I NETWORK  [initandlisten] connection accepted from 127.0.0.1:45428 #1 (1 connection now open)
2020-01-07 09:12:01 [cluster-ClusterId{value='5e144b610ca15e158d5875c3', description='null'}-localhost:34003] INFO  org.mongodb.driver.connection -
				Opened connection [connectionId{localValue:3, serverValue:1}] to localhost:34003
2020-01-07 09:12:01 [cluster-ClusterId{value='5e144b610ca15e158d5875c3', description='null'}-localhost:34003] INFO  org.mongodb.driver.cluster -
				Monitor thread successfully connected to server with description ServerDescription{address=localhost:34003, type=STANDALONE, state=CONNECTED, ok=true, version=ServerVersion{versionList=[3, 2, 2]}, minWireVersion=0, maxWireVersion=4, maxDocumentSize=16777216, logicalSessionTimeoutMinutes=null, roundTripTimeNanos=332851}
2020-01-07 09:12:01 [cluster-ClusterId{value='5e144b610ca15e158d5875c3', description='null'}-localhost:34003] INFO  org.mongodb.driver.cluster -
				Discovered cluster type of STANDALONE
2020-01-07 09:12:01 [main] INFO  o.s.w.s.h.SimpleUrlHandlerMapping -
				Mapped URL path [/**/favicon.ico] onto handler of type [class org.springframework.web.servlet.resource.ResourceHttpRequestHandler]
2020-01-07 09:12:02 [main] INFO  o.s.w.s.m.m.a.RequestMappingHandlerAdapter -
				Looking for @ControllerAdvice: org.springframework.web.context.support.GenericWebApplicationContext@2c88a3e8: startup date [Tue Jan 07 09:12:00 UTC 2020]; root of context hierarchy
2020-01-07 09:12:02 [main] INFO  o.s.w.s.m.m.a.RequestMappingHandlerMapping -
				Mapped "{[/api/v1/category/{id}],methods=[PUT]}" onto public org.springframework.http.ResponseEntity<?> com.stackroute.keepnote.controller.CategoryController.updateCategory(com.stackroute.keepnote.model.Category,java.lang.String)
2020-01-07 09:12:02 [main] INFO  o.s.w.s.m.m.a.RequestMappingHandlerMapping -
				Mapped "{[/api/v1/category/{id}],methods=[GET]}" onto public org.springframework.http.ResponseEntity<?> com.stackroute.keepnote.controller.CategoryController.getCategoryById(java.lang.String)
2020-01-07 09:12:02 [main] INFO  o.s.w.s.m.m.a.RequestMappingHandlerMapping -
				Mapped "{[/api/v1/category],methods=[POST]}" onto public org.springframework.http.ResponseEntity<?> com.stackroute.keepnote.controller.CategoryController.createCategory(com.stackroute.keepnote.model.Category)
2020-01-07 09:12:02 [main] INFO  o.s.w.s.m.m.a.RequestMappingHandlerMapping -
				Mapped "{[/api/v1/category/{id}],methods=[DELETE]}" onto public org.springframework.http.ResponseEntity<?> com.stackroute.keepnote.controller.CategoryController.deleteCategory(java.lang.String)
2020-01-07 09:12:02 [main] INFO  o.s.w.s.m.m.a.RequestMappingHandlerMapping -
				Mapped "{[/api/v1/category],methods=[GET]}" onto public org.springframework.http.ResponseEntity<?> com.stackroute.keepnote.controller.CategoryController.getAllCategoryById(java.lang.String)
2020-01-07 09:12:02 [main] INFO  o.s.w.s.m.m.a.RequestMappingHandlerMapping -
				Mapped "{[/error],produces=[text/html]}" onto public org.springframework.web.servlet.ModelAndView org.springframework.boot.autoconfigure.web.servlet.error.BasicErrorController.errorHtml(javax.servlet.http.HttpServletRequest,javax.servlet.http.HttpServletResponse)
2020-01-07 09:12:02 [main] INFO  o.s.w.s.m.m.a.RequestMappingHandlerMapping -
				Mapped "{[/error]}" onto public org.springframework.http.ResponseEntity<java.util.Map<java.lang.String, java.lang.Object>> org.springframework.boot.autoconfigure.web.servlet.error.BasicErrorController.error(javax.servlet.http.HttpServletRequest)
2020-01-07 09:12:02 [main] INFO  o.s.w.s.h.SimpleUrlHandlerMapping -
				Mapped URL path [/webjars/**] onto handler of type [class org.springframework.web.servlet.resource.ResourceHttpRequestHandler]
2020-01-07 09:12:02 [main] INFO  o.s.w.s.h.SimpleUrlHandlerMapping -
				Mapped URL path [/**] onto handler of type [class org.springframework.web.servlet.resource.ResourceHttpRequestHandler]
2020-01-07 09:12:02 [main] INFO  c.s.keepnote.test.log.LoggerTest -
				Started LoggerTest in 1.859 seconds (JVM running for 6.159)
2020-01-07 09:12:02 [main] INFO  o.s.b.t.a.w.s.WebMvcTestContextBootstrapper -
				Neither @ContextConfiguration nor @ContextHierarchy found for test class [com.stackroute.keepnote.test.controller.CategoryControllerTest], using SpringBootContextLoader
2020-01-07 09:12:02 [main] INFO  o.s.t.c.s.AbstractContextLoader -
				Could not detect default resource locations for test class [com.stackroute.keepnote.test.controller.CategoryControllerTest]: no resource found for suffixes {-context.xml, Context.groovy}.
2020-01-07 09:12:02 [main] INFO  o.s.t.c.s.AnnotationConfigContextLoaderUtils -
				Could not detect default configuration classes for test class [com.stackroute.keepnote.test.controller.CategoryControllerTest]: CategoryControllerTest does not declare any static, non-private, non-final, nested classes annotated with @Configuration.
2020-01-07 09:12:02 [main] INFO  o.s.b.t.c.SpringBootTestContextBootstrapper -
				Found @SpringBootConfiguration com.stackroute.keepnote.CategoryServiceApplication for test class com.stackroute.keepnote.test.controller.CategoryControllerTest
2020-01-07 09:12:02 [main] INFO  o.s.b.t.a.w.s.WebMvcTestContextBootstrapper -
				Loaded default TestExecutionListener class names from location [META-INF/spring.factories]: [org.springframework.boot.test.mock.mockito.MockitoTestExecutionListener, org.springframework.boot.test.mock.mockito.ResetMocksTestExecutionListener, org.springframework.boot.test.autoconfigure.restdocs.RestDocsTestExecutionListener, org.springframework.boot.test.autoconfigure.web.client.MockRestServiceServerResetTestExecutionListener, org.springframework.boot.test.autoconfigure.web.servlet.MockMvcPrintOnlyOnFailureTestExecutionListener, org.springframework.boot.test.autoconfigure.web.servlet.WebDriverTestExecutionListener, org.springframework.test.context.web.ServletTestExecutionListener, org.springframework.test.context.support.DirtiesContextBeforeModesTestExecutionListener, org.springframework.test.context.support.DependencyInjectionTestExecutionListener, org.springframework.test.context.support.DirtiesContextTestExecutionListener, org.springframework.test.context.transaction.TransactionalTestExecutionListener, org.springframework.test.context.jdbc.SqlScriptsTestExecutionListener]
2020-01-07 09:12:02 [main] INFO  o.s.b.t.a.w.s.WebMvcTestContextBootstrapper -
				Using TestExecutionListeners: [org.springframework.test.context.web.ServletTestExecutionListener@1129829c, org.springframework.test.context.support.DirtiesContextBeforeModesTestExecutionListener@1a531422, org.springframework.boot.test.mock.mockito.MockitoTestExecutionListener@7a388990, org.springframework.boot.test.autoconfigure.SpringBootDependencyInjectionTestExecutionListener@13213f26, org.springframework.test.context.support.DirtiesContextTestExecutionListener@4e4162bc, org.springframework.test.context.transaction.TransactionalTestExecutionListener@4c319d52, org.springframework.test.context.jdbc.SqlScriptsTestExecutionListener@72fbf94d, org.springframework.boot.test.mock.mockito.ResetMocksTestExecutionListener@6839203b, org.springframework.boot.test.autoconfigure.restdocs.RestDocsTestExecutionListener@2d28fb02, org.springframework.boot.test.autoconfigure.web.client.MockRestServiceServerResetTestExecutionListener@6db328f8, org.springframework.boot.test.autoconfigure.web.servlet.MockMvcPrintOnlyOnFailureTestExecutionListener@402f8592, org.springframework.boot.test.autoconfigure.web.servlet.WebDriverTestExecutionListener@61b65d54]
2020-01-07 09:12:02 [main] INFO  c.s.k.t.c.CategoryControllerTest -
				Starting CategoryControllerTest on ip-172-31-83-26 with PID 5517 (started by ubuntu in /home/ubuntu/Desktop/KeepNote-Step6-Boilerplate/CategoryService)
2020-01-07 09:12:02 [main] INFO  c.s.k.t.c.CategoryControllerTest -
				No active profile set, falling back to default profiles: default
2020-01-07 09:12:02 [main] INFO  o.s.w.c.s.GenericWebApplicationContext -
				Refreshing org.springframework.web.context.support.GenericWebApplicationContext@268c030f: startup date [Tue Jan 07 09:12:02 UTC 2020]; root of context hierarchy
2020-01-07 09:12:02 [main] INFO  o.s.w.s.h.SimpleUrlHandlerMapping -
				Mapped URL path [/**/favicon.ico] onto handler of type [class org.springframework.web.servlet.resource.ResourceHttpRequestHandler]
2020-01-07 09:12:02 [main] INFO  o.s.w.s.m.m.a.RequestMappingHandlerAdapter -
				Looking for @ControllerAdvice: org.springframework.web.context.support.GenericWebApplicationContext@268c030f: startup date [Tue Jan 07 09:12:02 UTC 2020]; root of context hierarchy
2020-01-07 09:12:02 [main] INFO  o.s.w.s.m.m.a.RequestMappingHandlerMapping -
				Mapped "{[/api/v1/category/{id}],methods=[PUT]}" onto public org.springframework.http.ResponseEntity<?> com.stackroute.keepnote.controller.CategoryController.updateCategory(com.stackroute.keepnote.model.Category,java.lang.String)
2020-01-07 09:12:02 [main] INFO  o.s.w.s.m.m.a.RequestMappingHandlerMapping -
				Mapped "{[/api/v1/category/{id}],methods=[GET]}" onto public org.springframework.http.ResponseEntity<?> com.stackroute.keepnote.controller.CategoryController.getCategoryById(java.lang.String)
2020-01-07 09:12:02 [main] INFO  o.s.w.s.m.m.a.RequestMappingHandlerMapping -
				Mapped "{[/api/v1/category],methods=[POST]}" onto public org.springframework.http.ResponseEntity<?> com.stackroute.keepnote.controller.CategoryController.createCategory(com.stackroute.keepnote.model.Category)
2020-01-07 09:12:02 [main] INFO  o.s.w.s.m.m.a.RequestMappingHandlerMapping -
				Mapped "{[/api/v1/category/{id}],methods=[DELETE]}" onto public org.springframework.http.ResponseEntity<?> com.stackroute.keepnote.controller.CategoryController.deleteCategory(java.lang.String)
2020-01-07 09:12:02 [main] INFO  o.s.w.s.m.m.a.RequestMappingHandlerMapping -
				Mapped "{[/api/v1/category],methods=[GET]}" onto public org.springframework.http.ResponseEntity<?> com.stackroute.keepnote.controller.CategoryController.getAllCategoryById(java.lang.String)
2020-01-07 09:12:02 [main] INFO  o.s.w.s.m.m.a.RequestMappingHandlerMapping -
				Mapped "{[/error],produces=[text/html]}" onto public org.springframework.web.servlet.ModelAndView org.springframework.boot.autoconfigure.web.servlet.error.BasicErrorController.errorHtml(javax.servlet.http.HttpServletRequest,javax.servlet.http.HttpServletResponse)
2020-01-07 09:12:02 [main] INFO  o.s.w.s.m.m.a.RequestMappingHandlerMapping -
				Mapped "{[/error]}" onto public org.springframework.http.ResponseEntity<java.util.Map<java.lang.String, java.lang.Object>> org.springframework.boot.autoconfigure.web.servlet.error.BasicErrorController.error(javax.servlet.http.HttpServletRequest)
2020-01-07 09:12:02 [main] INFO  o.s.w.s.h.SimpleUrlHandlerMapping -
				Mapped URL path [/webjars/**] onto handler of type [class org.springframework.web.servlet.resource.ResourceHttpRequestHandler]
2020-01-07 09:12:02 [main] INFO  o.s.w.s.h.SimpleUrlHandlerMapping -
				Mapped URL path [/**] onto handler of type [class org.springframework.web.servlet.resource.ResourceHttpRequestHandler]
2020-01-07 09:12:03 [main] INFO  o.s.b.t.m.w.SpringBootMockServletContext -
				Initializing Spring FrameworkServlet ''
2020-01-07 09:12:03 [main] INFO  o.s.t.w.s.TestDispatcherServlet -
				FrameworkServlet '': initialization started
2020-01-07 09:12:03 [main] INFO  o.s.t.w.s.TestDispatcherServlet -
				FrameworkServlet '': initialization completed in 11 ms
2020-01-07 09:12:03 [main] INFO  c.s.k.t.c.CategoryControllerTest -
				Started CategoryControllerTest in 0.548 seconds (JVM running for 6.768)
2020-01-07 09:12:03 [main] INFO  o.s.w.s.m.m.a.RequestMappingHandlerMapping -
				Mapped "{[/api/v1/category/{id}],methods=[PUT]}" onto public org.springframework.http.ResponseEntity<?> com.stackroute.keepnote.controller.CategoryController.updateCategory(com.stackroute.keepnote.model.Category,java.lang.String)
2020-01-07 09:12:03 [main] INFO  o.s.w.s.m.m.a.RequestMappingHandlerMapping -
				Mapped "{[/api/v1/category/{id}],methods=[GET]}" onto public org.springframework.http.ResponseEntity<?> com.stackroute.keepnote.controller.CategoryController.getCategoryById(java.lang.String)
2020-01-07 09:12:03 [main] INFO  o.s.w.s.m.m.a.RequestMappingHandlerMapping -
				Mapped "{[/api/v1/category],methods=[POST]}" onto public org.springframework.http.ResponseEntity<?> com.stackroute.keepnote.controller.CategoryController.createCategory(com.stackroute.keepnote.model.Category)
2020-01-07 09:12:03 [main] INFO  o.s.w.s.m.m.a.RequestMappingHandlerMapping -
				Mapped "{[/api/v1/category/{id}],methods=[DELETE]}" onto public org.springframework.http.ResponseEntity<?> com.stackroute.keepnote.controller.CategoryController.deleteCategory(java.lang.String)
2020-01-07 09:12:03 [main] INFO  o.s.w.s.m.m.a.RequestMappingHandlerMapping -
				Mapped "{[/api/v1/category],methods=[GET]}" onto public org.springframework.http.ResponseEntity<?> com.stackroute.keepnote.controller.CategoryController.getAllCategoryById(java.lang.String)
2020-01-07 09:12:03 [main] INFO  o.s.w.s.m.m.a.RequestMappingHandlerAdapter -
				Looking for @ControllerAdvice: org.springframework.test.web.servlet.setup.StubWebApplicationContext@5a30722c
2020-01-07 09:12:03 [main] INFO  o.s.mock.web.MockServletContext -
				Initializing Spring FrameworkServlet ''
2020-01-07 09:12:03 [main] INFO  o.s.t.w.s.TestDispatcherServlet -
				FrameworkServlet '': initialization started
2020-01-07 09:12:03 [main] INFO  o.s.t.w.s.TestDispatcherServlet -
				FrameworkServlet '': initialization completed in 1 ms
2020-01-07 09:12:03 [main] INFO  o.s.w.s.m.m.a.RequestMappingHandlerMapping -
				Mapped "{[/api/v1/category/{id}],methods=[PUT]}" onto public org.springframework.http.ResponseEntity<?> com.stackroute.keepnote.controller.CategoryController.updateCategory(com.stackroute.keepnote.model.Category,java.lang.String)
2020-01-07 09:12:03 [main] INFO  o.s.w.s.m.m.a.RequestMappingHandlerMapping -
				Mapped "{[/api/v1/category/{id}],methods=[GET]}" onto public org.springframework.http.ResponseEntity<?> com.stackroute.keepnote.controller.CategoryController.getCategoryById(java.lang.String)
2020-01-07 09:12:03 [main] INFO  o.s.w.s.m.m.a.RequestMappingHandlerMapping -
				Mapped "{[/api/v1/category],methods=[POST]}" onto public org.springframework.http.ResponseEntity<?> com.stackroute.keepnote.controller.CategoryController.createCategory(com.stackroute.keepnote.model.Category)
2020-01-07 09:12:03 [main] INFO  o.s.w.s.m.m.a.RequestMappingHandlerMapping -
				Mapped "{[/api/v1/category/{id}],methods=[DELETE]}" onto public org.springframework.http.ResponseEntity<?> com.stackroute.keepnote.controller.CategoryController.deleteCategory(java.lang.String)
2020-01-07 09:12:03 [main] INFO  o.s.w.s.m.m.a.RequestMappingHandlerMapping -
				Mapped "{[/api/v1/category],methods=[GET]}" onto public org.springframework.http.ResponseEntity<?> com.stackroute.keepnote.controller.CategoryController.getAllCategoryById(java.lang.String)
2020-01-07 09:12:03 [main] INFO  o.s.w.s.m.m.a.RequestMappingHandlerAdapter -
				Looking for @ControllerAdvice: org.springframework.test.web.servlet.setup.StubWebApplicationContext@5f0f70c7
2020-01-07 09:12:03 [main] INFO  o.s.mock.web.MockServletContext -
				Initializing Spring FrameworkServlet ''
2020-01-07 09:12:03 [main] INFO  o.s.t.w.s.TestDispatcherServlet -
				FrameworkServlet '': initialization started
2020-01-07 09:12:03 [main] INFO  o.s.t.w.s.TestDispatcherServlet -
				FrameworkServlet '': initialization completed in 0 ms
2020-01-07 09:12:03 [main] INFO  o.s.w.s.m.m.a.RequestMappingHandlerMapping -
				Mapped "{[/api/v1/category/{id}],methods=[PUT]}" onto public org.springframework.http.ResponseEntity<?> com.stackroute.keepnote.controller.CategoryController.updateCategory(com.stackroute.keepnote.model.Category,java.lang.String)
2020-01-07 09:12:03 [main] INFO  o.s.w.s.m.m.a.RequestMappingHandlerMapping -
				Mapped "{[/api/v1/category/{id}],methods=[GET]}" onto public org.springframework.http.ResponseEntity<?> com.stackroute.keepnote.controller.CategoryController.getCategoryById(java.lang.String)
2020-01-07 09:12:03 [main] INFO  o.s.w.s.m.m.a.RequestMappingHandlerMapping -
				Mapped "{[/api/v1/category],methods=[POST]}" onto public org.springframework.http.ResponseEntity<?> com.stackroute.keepnote.controller.CategoryController.createCategory(com.stackroute.keepnote.model.Category)
2020-01-07 09:12:03 [main] INFO  o.s.w.s.m.m.a.RequestMappingHandlerMapping -
				Mapped "{[/api/v1/category/{id}],methods=[DELETE]}" onto public org.springframework.http.ResponseEntity<?> com.stackroute.keepnote.controller.CategoryController.deleteCategory(java.lang.String)
2020-01-07 09:12:03 [main] INFO  o.s.w.s.m.m.a.RequestMappingHandlerMapping -
				Mapped "{[/api/v1/category],methods=[GET]}" onto public org.springframework.http.ResponseEntity<?> com.stackroute.keepnote.controller.CategoryController.getAllCategoryById(java.lang.String)
2020-01-07 09:12:03 [main] INFO  o.s.w.s.m.m.a.RequestMappingHandlerAdapter -
				Looking for @ControllerAdvice: org.springframework.test.web.servlet.setup.StubWebApplicationContext@6befbb12
2020-01-07 09:12:03 [main] INFO  o.s.mock.web.MockServletContext -
				Initializing Spring FrameworkServlet ''
2020-01-07 09:12:03 [main] INFO  o.s.t.w.s.TestDispatcherServlet -
				FrameworkServlet '': initialization started
2020-01-07 09:12:03 [main] INFO  o.s.t.w.s.TestDispatcherServlet -
				FrameworkServlet '': initialization completed in 0 ms
2020-01-07 09:12:03 [main] INFO  o.s.w.s.m.m.a.RequestMappingHandlerMapping -
				Mapped "{[/api/v1/category/{id}],methods=[PUT]}" onto public org.springframework.http.ResponseEntity<?> com.stackroute.keepnote.controller.CategoryController.updateCategory(com.stackroute.keepnote.model.Category,java.lang.String)
2020-01-07 09:12:03 [main] INFO  o.s.w.s.m.m.a.RequestMappingHandlerMapping -
				Mapped "{[/api/v1/category/{id}],methods=[GET]}" onto public org.springframework.http.ResponseEntity<?> com.stackroute.keepnote.controller.CategoryController.getCategoryById(java.lang.String)
2020-01-07 09:12:03 [main] INFO  o.s.w.s.m.m.a.RequestMappingHandlerMapping -
				Mapped "{[/api/v1/category],methods=[POST]}" onto public org.springframework.http.ResponseEntity<?> com.stackroute.keepnote.controller.CategoryController.createCategory(com.stackroute.keepnote.model.Category)
2020-01-07 09:12:03 [main] INFO  o.s.w.s.m.m.a.RequestMappingHandlerMapping -
				Mapped "{[/api/v1/category/{id}],methods=[DELETE]}" onto public org.springframework.http.ResponseEntity<?> com.stackroute.keepnote.controller.CategoryController.deleteCategory(java.lang.String)
2020-01-07 09:12:03 [main] INFO  o.s.w.s.m.m.a.RequestMappingHandlerMapping -
				Mapped "{[/api/v1/category],methods=[GET]}" onto public org.springframework.http.ResponseEntity<?> com.stackroute.keepnote.controller.CategoryController.getAllCategoryById(java.lang.String)
2020-01-07 09:12:03 [main] INFO  o.s.w.s.m.m.a.RequestMappingHandlerAdapter -
				Looking for @ControllerAdvice: org.springframework.test.web.servlet.setup.StubWebApplicationContext@35e74e08
2020-01-07 09:12:03 [main] INFO  o.s.mock.web.MockServletContext -
				Initializing Spring FrameworkServlet ''
2020-01-07 09:12:03 [main] INFO  o.s.t.w.s.TestDispatcherServlet -
				FrameworkServlet '': initialization started
2020-01-07 09:12:03 [main] INFO  o.s.t.w.s.TestDispatcherServlet -
				FrameworkServlet '': initialization completed in 0 ms
2020-01-07 09:12:03 [main] INFO  o.s.w.s.m.m.a.RequestMappingHandlerMapping -
				Mapped "{[/api/v1/category/{id}],methods=[PUT]}" onto public org.springframework.http.ResponseEntity<?> com.stackroute.keepnote.controller.CategoryController.updateCategory(com.stackroute.keepnote.model.Category,java.lang.String)
2020-01-07 09:12:03 [main] INFO  o.s.w.s.m.m.a.RequestMappingHandlerMapping -
				Mapped "{[/api/v1/category/{id}],methods=[GET]}" onto public org.springframework.http.ResponseEntity<?> com.stackroute.keepnote.controller.CategoryController.getCategoryById(java.lang.String)
2020-01-07 09:12:03 [main] INFO  o.s.w.s.m.m.a.RequestMappingHandlerMapping -
				Mapped "{[/api/v1/category],methods=[POST]}" onto public org.springframework.http.ResponseEntity<?> com.stackroute.keepnote.controller.CategoryController.createCategory(com.stackroute.keepnote.model.Category)
2020-01-07 09:12:03 [main] INFO  o.s.w.s.m.m.a.RequestMappingHandlerMapping -
				Mapped "{[/api/v1/category/{id}],methods=[DELETE]}" onto public org.springframework.http.ResponseEntity<?> com.stackroute.keepnote.controller.CategoryController.deleteCategory(java.lang.String)
2020-01-07 09:12:03 [main] INFO  o.s.w.s.m.m.a.RequestMappingHandlerMapping -
				Mapped "{[/api/v1/category],methods=[GET]}" onto public org.springframework.http.ResponseEntity<?> com.stackroute.keepnote.controller.CategoryController.getAllCategoryById(java.lang.String)
2020-01-07 09:12:03 [main] INFO  o.s.w.s.m.m.a.RequestMappingHandlerAdapter -
				Looking for @ControllerAdvice: org.springframework.test.web.servlet.setup.StubWebApplicationContext@250967f1
2020-01-07 09:12:03 [main] INFO  o.s.mock.web.MockServletContext -
				Initializing Spring FrameworkServlet ''
2020-01-07 09:12:03 [main] INFO  o.s.t.w.s.TestDispatcherServlet -
				FrameworkServlet '': initialization started
2020-01-07 09:12:03 [main] INFO  o.s.t.w.s.TestDispatcherServlet -
				FrameworkServlet '': initialization completed in 0 ms
2020-01-07 09:12:03 [main] INFO  o.s.w.s.m.m.a.RequestMappingHandlerMapping -
				Mapped "{[/api/v1/category/{id}],methods=[PUT]}" onto public org.springframework.http.ResponseEntity<?> com.stackroute.keepnote.controller.CategoryController.updateCategory(com.stackroute.keepnote.model.Category,java.lang.String)
2020-01-07 09:12:03 [main] INFO  o.s.w.s.m.m.a.RequestMappingHandlerMapping -
				Mapped "{[/api/v1/category/{id}],methods=[GET]}" onto public org.springframework.http.ResponseEntity<?> com.stackroute.keepnote.controller.CategoryController.getCategoryById(java.lang.String)
2020-01-07 09:12:03 [main] INFO  o.s.w.s.m.m.a.RequestMappingHandlerMapping -
				Mapped "{[/api/v1/category],methods=[POST]}" onto public org.springframework.http.ResponseEntity<?> com.stackroute.keepnote.controller.CategoryController.createCategory(com.stackroute.keepnote.model.Category)
2020-01-07 09:12:03 [main] INFO  o.s.w.s.m.m.a.RequestMappingHandlerMapping -
				Mapped "{[/api/v1/category/{id}],methods=[DELETE]}" onto public org.springframework.http.ResponseEntity<?> com.stackroute.keepnote.controller.CategoryController.deleteCategory(java.lang.String)
2020-01-07 09:12:03 [main] INFO  o.s.w.s.m.m.a.RequestMappingHandlerMapping -
				Mapped "{[/api/v1/category],methods=[GET]}" onto public org.springframework.http.ResponseEntity<?> com.stackroute.keepnote.controller.CategoryController.getAllCategoryById(java.lang.String)
2020-01-07 09:12:03 [main] INFO  o.s.w.s.m.m.a.RequestMappingHandlerAdapter -
				Looking for @ControllerAdvice: org.springframework.test.web.servlet.setup.StubWebApplicationContext@1471b98d
2020-01-07 09:12:03 [main] INFO  o.s.mock.web.MockServletContext -
				Initializing Spring FrameworkServlet ''
2020-01-07 09:12:03 [main] INFO  o.s.t.w.s.TestDispatcherServlet -
				FrameworkServlet '': initialization started
2020-01-07 09:12:03 [main] INFO  o.s.t.w.s.TestDispatcherServlet -
				FrameworkServlet '': initialization completed in 0 ms
2020-01-07 09:12:03 [main] INFO  o.s.w.s.m.m.a.RequestMappingHandlerMapping -
				Mapped "{[/api/v1/category/{id}],methods=[PUT]}" onto public org.springframework.http.ResponseEntity<?> com.stackroute.keepnote.controller.CategoryController.updateCategory(com.stackroute.keepnote.model.Category,java.lang.String)
2020-01-07 09:12:03 [main] INFO  o.s.w.s.m.m.a.RequestMappingHandlerMapping -
				Mapped "{[/api/v1/category/{id}],methods=[GET]}" onto public org.springframework.http.ResponseEntity<?> com.stackroute.keepnote.controller.CategoryController.getCategoryById(java.lang.String)
2020-01-07 09:12:03 [main] INFO  o.s.w.s.m.m.a.RequestMappingHandlerMapping -
				Mapped "{[/api/v1/category],methods=[POST]}" onto public org.springframework.http.ResponseEntity<?> com.stackroute.keepnote.controller.CategoryController.createCategory(com.stackroute.keepnote.model.Category)
2020-01-07 09:12:03 [main] INFO  o.s.w.s.m.m.a.RequestMappingHandlerMapping -
				Mapped "{[/api/v1/category/{id}],methods=[DELETE]}" onto public org.springframework.http.ResponseEntity<?> com.stackroute.keepnote.controller.CategoryController.deleteCategory(java.lang.String)
2020-01-07 09:12:03 [main] INFO  o.s.w.s.m.m.a.RequestMappingHandlerMapping -
				Mapped "{[/api/v1/category],methods=[GET]}" onto public org.springframework.http.ResponseEntity<?> com.stackroute.keepnote.controller.CategoryController.getAllCategoryById(java.lang.String)
2020-01-07 09:12:03 [main] INFO  o.s.w.s.m.m.a.RequestMappingHandlerAdapter -
				Looking for @ControllerAdvice: org.springframework.test.web.servlet.setup.StubWebApplicationContext@28989415
2020-01-07 09:12:03 [main] INFO  o.s.mock.web.MockServletContext -
				Initializing Spring FrameworkServlet ''
2020-01-07 09:12:03 [main] INFO  o.s.t.w.s.TestDispatcherServlet -
				FrameworkServlet '': initialization started
2020-01-07 09:12:03 [main] INFO  o.s.t.w.s.TestDispatcherServlet -
				FrameworkServlet '': initialization completed in 0 ms
2020-01-07 09:12:03 [main] INFO  o.s.w.s.m.m.a.RequestMappingHandlerMapping -
				Mapped "{[/api/v1/category/{id}],methods=[PUT]}" onto public org.springframework.http.ResponseEntity<?> com.stackroute.keepnote.controller.CategoryController.updateCategory(com.stackroute.keepnote.model.Category,java.lang.String)
2020-01-07 09:12:03 [main] INFO  o.s.w.s.m.m.a.RequestMappingHandlerMapping -
				Mapped "{[/api/v1/category/{id}],methods=[GET]}" onto public org.springframework.http.ResponseEntity<?> com.stackroute.keepnote.controller.CategoryController.getCategoryById(java.lang.String)
2020-01-07 09:12:03 [main] INFO  o.s.w.s.m.m.a.RequestMappingHandlerMapping -
				Mapped "{[/api/v1/category],methods=[POST]}" onto public org.springframework.http.ResponseEntity<?> com.stackroute.keepnote.controller.CategoryController.createCategory(com.stackroute.keepnote.model.Category)
2020-01-07 09:12:03 [main] INFO  o.s.w.s.m.m.a.RequestMappingHandlerMapping -
				Mapped "{[/api/v1/category/{id}],methods=[DELETE]}" onto public org.springframework.http.ResponseEntity<?> com.stackroute.keepnote.controller.CategoryController.deleteCategory(java.lang.String)
2020-01-07 09:12:03 [main] INFO  o.s.w.s.m.m.a.RequestMappingHandlerMapping -
				Mapped "{[/api/v1/category],methods=[GET]}" onto public org.springframework.http.ResponseEntity<?> com.stackroute.keepnote.controller.CategoryController.getAllCategoryById(java.lang.String)
2020-01-07 09:12:03 [main] INFO  o.s.w.s.m.m.a.RequestMappingHandlerAdapter -
				Looking for @ControllerAdvice: org.springframework.test.web.servlet.setup.StubWebApplicationContext@150d6eaf
2020-01-07 09:12:03 [main] INFO  o.s.mock.web.MockServletContext -
				Initializing Spring FrameworkServlet ''
2020-01-07 09:12:03 [main] INFO  o.s.t.w.s.TestDispatcherServlet -
				FrameworkServlet '': initialization started
2020-01-07 09:12:03 [main] INFO  o.s.t.w.s.TestDispatcherServlet -
				FrameworkServlet '': initialization completed in 0 ms
2020-01-07 09:12:03 [Thread-6] INFO  o.s.c.a.AnnotationConfigApplicationContext -
				Closing org.springframework.context.annotation.AnnotationConfigApplicationContext@51bd8b5c: startup date [Tue Jan 07 09:11:57 UTC 2020]; root of context hierarchy
2020-01-07 09:12:03 [Thread-6] INFO  org.mongodb.driver.connection -
				Closed connection [connectionId{localValue:2, serverValue:2}] to localhost:37925 because the pool has been closed.
2020-01-07 09:12:03 [Thread-4] INFO  o.s.b.a.mongo.embedded.EmbeddedMongo -
				2020-01-07T09:12:03.509+0000 I NETWORK  [conn2] end connection 127.0.0.1:42120 (1 connection now open)
2020-01-07 09:12:03 [Thread-4] INFO  o.s.b.a.mongo.embedded.EmbeddedMongo -
				2020-01-07T09:12:03.509+0000 I NETWORK  [initandlisten] connection accepted from 127.0.0.1:42124 #3 (2 connections now open)
2020-01-07 09:12:03 [Thread-4] INFO  o.s.b.a.mongo.embedded.EmbeddedMongo -
				2020-01-07T09:12:03.510+0000 I COMMAND  [conn3] terminating, shutdown command received
2020-01-07 09:12:03 [Thread-4] INFO  o.s.b.a.mongo.embedded.EmbeddedMongo -
				2020-01-07T09:12:03.510+0000 I FTDC     [conn3] Shutting down full-time diagnostic data capture
2020-01-07 09:12:03 [Thread-4] INFO  o.s.b.a.mongo.embedded.EmbeddedMongo -
				2020-01-07T09:12:03.511+0000 I CONTROL  [conn3] now exiting
2020-01-07 09:12:03 [Thread-4] INFO  o.s.b.a.mongo.embedded.EmbeddedMongo -
				2020-01-07T09:12:03.511+0000 I NETWORK  [conn3] shutdown: going to close listening sockets...
2020-01-07 09:12:03 [Thread-11] INFO  o.s.w.c.s.GenericWebApplicationContext -
				Closing org.springframework.web.context.support.GenericWebApplicationContext@2c88a3e8: startup date [Tue Jan 07 09:12:00 UTC 2020]; root of context hierarchy
2020-01-07 09:12:03 [Thread-4] INFO  o.s.b.a.mongo.embedded.EmbeddedMongo -
				2020-01-07T09:12:03.514+0000 I NETWORK  [conn3] closing listening socket: 5
2020-01-07 09:12:03 [Thread-4] INFO  o.s.b.a.mongo.embedded.EmbeddedMongo -
				2020-01-07T09:12:03.515+0000 I NETWORK  [conn3] closing listening socket: 6
2020-01-07 09:12:03 [Thread-4] INFO  o.s.b.a.mongo.embedded.EmbeddedMongo -
				2020-01-07T09:12:03.515+0000 I NETWORK  [conn3] removing socket file: /tmp/mongodb-37925.sock
2020-01-07 09:12:03 [Thread-4] INFO  o.s.b.a.mongo.embedded.EmbeddedMongo -
				2020-01-07T09:12:03.515+0000 I NETWORK  [conn3] shutdown: going to flush diaglog...
2020-01-07 09:12:03 [Thread-4] INFO  o.s.b.a.mongo.embedded.EmbeddedMongo -
				2020-01-07T09:12:03.516+0000 I NETWORK  [conn3] shutdown: going to close sockets...
2020-01-07 09:12:03 [Thread-4] INFO  o.s.b.a.mongo.embedded.EmbeddedMongo -
				2020-01-07T09:12:03.516+0000 I STORAGE  [conn3] WiredTigerKVEngine shutting down
2020-01-07 09:12:03 [Thread-4] INFO  o.s.b.a.mongo.embedded.EmbeddedMongo -
				2020-01-07T09:12:03.516+0000 I NETWORK  [conn1] end connection 127.0.0.1:42118 (1 connection now open)
2020-01-07 09:12:03 [Thread-9] INFO  o.s.b.a.mongo.embedded.EmbeddedMongo -
				2020-01-07T09:12:03.517+0000 I NETWORK  [initandlisten] connection accepted from 127.0.0.1:45432 #2 (2 connections now open)
2020-01-07 09:12:03 [Thread-13] INFO  o.s.w.c.s.GenericWebApplicationContext -
				Closing org.springframework.web.context.support.GenericWebApplicationContext@268c030f: startup date [Tue Jan 07 09:12:02 UTC 2020]; root of context hierarchy
2020-01-07 09:12:03 [Thread-9] INFO  o.s.b.a.mongo.embedded.EmbeddedMongo -
				2020-01-07T09:12:03.519+0000 I COMMAND  [conn2] terminating, shutdown command received
2020-01-07 09:12:03 [Thread-9] INFO  o.s.b.a.mongo.embedded.EmbeddedMongo -
				2020-01-07T09:12:03.519+0000 I FTDC     [conn2] Shutting down full-time diagnostic data capture
2020-01-07 09:12:03 [Thread-9] INFO  o.s.b.a.mongo.embedded.EmbeddedMongo -
				2020-01-07T09:12:03.524+0000 I CONTROL  [conn2] now exiting
2020-01-07 09:12:03 [Thread-9] INFO  o.s.b.a.mongo.embedded.EmbeddedMongo -
				2020-01-07T09:12:03.524+0000 I NETWORK  [conn2] shutdown: going to close listening sockets...
2020-01-07 09:12:03 [Thread-9] INFO  o.s.b.a.mongo.embedded.EmbeddedMongo -
				2020-01-07T09:12:03.525+0000 I NETWORK  [conn2] closing listening socket: 5
2020-01-07 09:12:03 [Thread-9] INFO  o.s.b.a.mongo.embedded.EmbeddedMongo -
				2020-01-07T09:12:03.534+0000 I NETWORK  [conn2] closing listening socket: 6
2020-01-07 09:12:03 [Thread-9] INFO  o.s.b.a.mongo.embedded.EmbeddedMongo -
				2020-01-07T09:12:03.537+0000 I NETWORK  [conn2] removing socket file: /tmp/mongodb-34003.sock
2020-01-07 09:12:03 [Thread-9] INFO  o.s.b.a.mongo.embedded.EmbeddedMongo -
				2020-01-07T09:12:03.537+0000 I NETWORK  [conn1] end connection 127.0.0.1:45428 (1 connection now open)
2020-01-07 09:12:03 [Thread-9] INFO  o.s.b.a.mongo.embedded.EmbeddedMongo -
				2020-01-07T09:12:03.546+0000 I NETWORK  [conn2] shutdown: going to flush diaglog...
2020-01-07 09:12:03 [Thread-9] INFO  o.s.b.a.mongo.embedded.EmbeddedMongo -
				2020-01-07T09:12:03.546+0000 I NETWORK  [conn2] shutdown: going to close sockets...
2020-01-07 09:12:03 [Thread-9] INFO  o.s.b.a.mongo.embedded.EmbeddedMongo -
				2020-01-07T09:12:03.546+0000 I STORAGE  [conn2] WiredTigerKVEngine shutting down
2020-01-07 09:12:03 [Thread-4] INFO  o.s.b.a.mongo.embedded.EmbeddedMongo -
				2020-01-07T09:12:03.549+0000 I STORAGE  [conn3] shutdown: removing fs lock...
2020-01-07 09:12:03 [Thread-4] INFO  o.s.b.a.mongo.embedded.EmbeddedMongo -
				2020-01-07T09:12:03.549+0000 I CONTROL  [conn3] dbexit:  rc: 0
2020-01-07 09:12:03 [Thread-9] INFO  o.s.b.a.mongo.embedded.EmbeddedMongo -
				2020-01-07T09:12:03.563+0000 I STORAGE  [conn2] shutdown: removing fs lock...
2020-01-07 09:12:03 [Thread-9] INFO  o.s.b.a.mongo.embedded.EmbeddedMongo -
				2020-01-07T09:12:03.563+0000 I CONTROL  [conn2] dbexit:  rc: 0
