2020-01-10 04:35:31 [main] INFO  o.s.b.t.c.SpringBootTestContextBootstrapper -
				Neither @ContextConfiguration nor @ContextHierarchy found for test class [com.stackroute.keepnote.test.repository.UserRepositoryTest], using SpringBootContextLoader
2020-01-10 04:35:31 [main] INFO  o.s.t.c.s.AbstractContextLoader -
				Could not detect default resource locations for test class [com.stackroute.keepnote.test.repository.UserRepositoryTest]: no resource found for suffixes {-context.xml, Context.groovy}.
2020-01-10 04:35:31 [main] INFO  o.s.t.c.s.AnnotationConfigContextLoaderUtils -
				Could not detect default configuration classes for test class [com.stackroute.keepnote.test.repository.UserRepositoryTest]: UserRepositoryTest does not declare any static, non-private, non-final, nested classes annotated with @Configuration.
2020-01-10 04:35:31 [main] INFO  o.s.b.t.c.SpringBootTestContextBootstrapper -
				Found @SpringBootConfiguration com.stackroute.keepnote.UserServiceApplication for test class com.stackroute.keepnote.test.repository.UserRepositoryTest
2020-01-10 04:35:31 [main] INFO  o.s.b.t.c.SpringBootTestContextBootstrapper -
				Loaded default TestExecutionListener class names from location [META-INF/spring.factories]: [org.springframework.boot.test.mock.mockito.MockitoTestExecutionListener, org.springframework.boot.test.mock.mockito.ResetMocksTestExecutionListener, org.springframework.boot.test.autoconfigure.restdocs.RestDocsTestExecutionListener, org.springframework.boot.test.autoconfigure.web.client.MockRestServiceServerResetTestExecutionListener, org.springframework.boot.test.autoconfigure.web.servlet.MockMvcPrintOnlyOnFailureTestExecutionListener, org.springframework.boot.test.autoconfigure.web.servlet.WebDriverTestExecutionListener, org.springframework.test.context.web.ServletTestExecutionListener, org.springframework.test.context.support.DirtiesContextBeforeModesTestExecutionListener, org.springframework.test.context.support.DependencyInjectionTestExecutionListener, org.springframework.test.context.support.DirtiesContextTestExecutionListener, org.springframework.test.context.transaction.TransactionalTestExecutionListener, org.springframework.test.context.jdbc.SqlScriptsTestExecutionListener]
2020-01-10 04:35:31 [main] INFO  o.s.b.t.c.SpringBootTestContextBootstrapper -
				Using TestExecutionListeners: [org.springframework.test.context.web.ServletTestExecutionListener@59662a0b, org.springframework.test.context.support.DirtiesContextBeforeModesTestExecutionListener@77fbd92c, org.springframework.boot.test.mock.mockito.MockitoTestExecutionListener@67c27493, org.springframework.boot.test.autoconfigure.SpringBootDependencyInjectionTestExecutionListener@1a482e36, org.springframework.test.context.support.DirtiesContextTestExecutionListener@72967906, org.springframework.test.context.transaction.TransactionalTestExecutionListener@5b8dfcc1, org.springframework.test.context.jdbc.SqlScriptsTestExecutionListener@2f9f7dcf, org.springframework.boot.test.mock.mockito.ResetMocksTestExecutionListener@747ddf94, org.springframework.boot.test.autoconfigure.restdocs.RestDocsTestExecutionListener@35e2d654, org.springframework.boot.test.autoconfigure.web.client.MockRestServiceServerResetTestExecutionListener@1bd4fdd, org.springframework.boot.test.autoconfigure.web.servlet.MockMvcPrintOnlyOnFailureTestExecutionListener@55183b20, org.springframework.boot.test.autoconfigure.web.servlet.WebDriverTestExecutionListener@4f83df68]
2020-01-10 04:35:32 [main] INFO  c.s.k.t.r.UserRepositoryTest -
				Starting UserRepositoryTest on ip-172-31-83-26 with PID 6346 (started by ubuntu in /home/ubuntu/Desktop/KeepNote-Step6-Boilerplate/UserService)
2020-01-10 04:35:32 [main] INFO  c.s.k.t.r.UserRepositoryTest -
				No active profile set, falling back to default profiles: default
2020-01-10 04:35:32 [main] INFO  o.s.c.a.AnnotationConfigApplicationContext -
				Refreshing org.springframework.context.annotation.AnnotationConfigApplicationContext@19b843ba: startup date [Fri Jan 10 04:35:32 UTC 2020]; root of context hierarchy
2020-01-10 04:35:35 [main] INFO  d.f.e.process.runtime.ProcessControl -
				stopOrDestroyProcess: process hasn't exited 
2020-01-10 04:35:36 [Thread-4] INFO  o.s.b.a.mongo.embedded.EmbeddedMongo -
				note: noprealloc may hurt performance in many applications
2020-01-10 04:35:36 [Thread-4] INFO  o.s.b.a.mongo.embedded.EmbeddedMongo -
				2020-01-10T04:35:36.014+0000 I CONTROL  [initandlisten] MongoDB starting : pid=6381 port=36751 dbpath=/tmp/embedmongo-db-d173ec79-b9e2-4cff-a875-a9f512c474d3 64-bit host=ip-172-31-83-26
2020-01-10 04:35:36 [Thread-4] INFO  o.s.b.a.mongo.embedded.EmbeddedMongo -
				2020-01-10T04:35:36.014+0000 I CONTROL  [initandlisten] db version v3.2.2
2020-01-10 04:35:36 [Thread-4] INFO  o.s.b.a.mongo.embedded.EmbeddedMongo -
				2020-01-10T04:35:36.014+0000 I CONTROL  [initandlisten] git version: 6e71d0d568e134c029203593b00a0103e7cdf30b
2020-01-10 04:35:36 [Thread-4] INFO  o.s.b.a.mongo.embedded.EmbeddedMongo -
				2020-01-10T04:35:36.014+0000 I CONTROL  [initandlisten] allocator: tcmalloc
2020-01-10 04:35:36 [Thread-4] INFO  o.s.b.a.mongo.embedded.EmbeddedMongo -
				2020-01-10T04:35:36.014+0000 I CONTROL  [initandlisten] modules: none
2020-01-10 04:35:36 [Thread-4] INFO  o.s.b.a.mongo.embedded.EmbeddedMongo -
				2020-01-10T04:35:36.014+0000 I CONTROL  [initandlisten] build environment:
2020-01-10 04:35:36 [Thread-4] INFO  o.s.b.a.mongo.embedded.EmbeddedMongo -
				2020-01-10T04:35:36.014+0000 I CONTROL  [initandlisten]     distarch: x86_64
2020-01-10 04:35:36 [Thread-4] INFO  o.s.b.a.mongo.embedded.EmbeddedMongo -
				2020-01-10T04:35:36.014+0000 I CONTROL  [initandlisten]     target_arch: x86_64
2020-01-10 04:35:36 [Thread-4] INFO  o.s.b.a.mongo.embedded.EmbeddedMongo -
				2020-01-10T04:35:36.014+0000 I CONTROL  [initandlisten] options: { net: { bindIp: "127.0.0.1", http: { enabled: false }, port: 36751 }, security: { authorization: "disabled" }, storage: { dbPath: "/tmp/embedmongo-db-d173ec79-b9e2-4cff-a875-a9f512c474d3", journal: { enabled: false }, mmapv1: { preallocDataFiles: false, smallFiles: true }, syncPeriodSecs: 0.0 } }
2020-01-10 04:35:36 [Thread-4] INFO  o.s.b.a.mongo.embedded.EmbeddedMongo -
				2020-01-10T04:35:36.048+0000 I STORAGE  [initandlisten] wiredtiger_open config: create,cache_size=4G,session_max=20000,eviction=(threads_max=4),config_base=false,statistics=(fast),log=(enabled=true,archive=true,path=journal,compressor=snappy),file_manager=(close_idle_time=100000),checkpoint=(wait=0,log_size=2GB),statistics_log=(wait=0),,log=(enabled=false),
2020-01-10 04:35:36 [Thread-4] INFO  o.s.b.a.mongo.embedded.EmbeddedMongo -
				2020-01-10T04:35:36.381+0000 W STORAGE  [initandlisten] Detected configuration for non-active storage engine mmapv1 when current storage engine is wiredTiger
2020-01-10 04:35:36 [Thread-4] INFO  o.s.b.a.mongo.embedded.EmbeddedMongo -
				2020-01-10T04:35:36.382+0000 I FTDC     [initandlisten] Initializing full-time diagnostic data capture with directory '/tmp/embedmongo-db-d173ec79-b9e2-4cff-a875-a9f512c474d3/diagnostic.data'
2020-01-10 04:35:36 [Thread-4] INFO  o.s.b.a.mongo.embedded.EmbeddedMongo -
				2020-01-10T04:35:36.383+0000 I NETWORK  [HostnameCanonicalizationWorker] Starting hostname canonicalization worker
2020-01-10 04:35:36 [Thread-4] INFO  o.s.b.a.mongo.embedded.EmbeddedMongo -
				2020-01-10T04:35:36.401+0000 I NETWORK  [initandlisten] waiting for connections on port 36751
2020-01-10 04:35:36 [main] INFO  d.f.embed.process.runtime.Executable -
				start de.flapdoodle.embed.mongo.config.MongodConfigBuilder$ImmutableMongodConfig@5b800468
2020-01-10 04:35:37 [main] INFO  org.mongodb.driver.cluster -
				Cluster created with settings {hosts=[localhost:36751], mode=MULTIPLE, requiredClusterType=UNKNOWN, serverSelectionTimeout='30000 ms', maxWaitQueueSize=500}
2020-01-10 04:35:37 [main] INFO  org.mongodb.driver.cluster -
				Adding discovered server localhost:36751 to client view of cluster
2020-01-10 04:35:37 [Thread-4] INFO  o.s.b.a.mongo.embedded.EmbeddedMongo -
				2020-01-10T04:35:37.607+0000 I NETWORK  [initandlisten] connection accepted from 127.0.0.1:46676 #1 (1 connection now open)
2020-01-10 04:35:37 [cluster-ClusterId{value='5e17ff198efee718ca5d6eac', description='null'}-localhost:36751] INFO  org.mongodb.driver.connection -
				Opened connection [connectionId{localValue:1, serverValue:1}] to localhost:36751
2020-01-10 04:35:37 [cluster-ClusterId{value='5e17ff198efee718ca5d6eac', description='null'}-localhost:36751] INFO  org.mongodb.driver.cluster -
				Monitor thread successfully connected to server with description ServerDescription{address=localhost:36751, type=STANDALONE, state=CONNECTED, ok=true, version=ServerVersion{versionList=[3, 2, 2]}, minWireVersion=0, maxWireVersion=4, maxDocumentSize=16777216, logicalSessionTimeoutMinutes=null, roundTripTimeNanos=1143939}
2020-01-10 04:35:37 [cluster-ClusterId{value='5e17ff198efee718ca5d6eac', description='null'}-localhost:36751] INFO  org.mongodb.driver.cluster -
				Discovered cluster type of STANDALONE
2020-01-10 04:35:38 [main] INFO  c.s.k.t.r.UserRepositoryTest -
				Started UserRepositoryTest in 6.023 seconds (JVM running for 7.72)
2020-01-10 04:35:38 [Thread-4] INFO  o.s.b.a.mongo.embedded.EmbeddedMongo -
				2020-01-10T04:35:38.525+0000 I NETWORK  [initandlisten] connection accepted from 127.0.0.1:46678 #2 (2 connections now open)
2020-01-10 04:35:38 [main] INFO  org.mongodb.driver.connection -
				Opened connection [connectionId{localValue:2, serverValue:2}] to localhost:36751
2020-01-10 04:35:40 [main] INFO  o.s.b.t.c.SpringBootTestContextBootstrapper -
				Neither @ContextConfiguration nor @ContextHierarchy found for test class [com.stackroute.keepnote.test.log.LoggerTest], using SpringBootContextLoader
2020-01-10 04:35:40 [main] INFO  o.s.t.c.s.AbstractContextLoader -
				Could not detect default resource locations for test class [com.stackroute.keepnote.test.log.LoggerTest]: no resource found for suffixes {-context.xml, Context.groovy}.
2020-01-10 04:35:40 [main] INFO  o.s.t.c.s.AnnotationConfigContextLoaderUtils -
				Could not detect default configuration classes for test class [com.stackroute.keepnote.test.log.LoggerTest]: LoggerTest does not declare any static, non-private, non-final, nested classes annotated with @Configuration.
2020-01-10 04:35:40 [main] INFO  o.s.b.t.c.SpringBootTestContextBootstrapper -
				Found @SpringBootConfiguration com.stackroute.keepnote.UserServiceApplication for test class com.stackroute.keepnote.test.log.LoggerTest
2020-01-10 04:35:40 [main] INFO  o.s.b.t.c.SpringBootTestContextBootstrapper -
				Loaded default TestExecutionListener class names from location [META-INF/spring.factories]: [org.springframework.boot.test.mock.mockito.MockitoTestExecutionListener, org.springframework.boot.test.mock.mockito.ResetMocksTestExecutionListener, org.springframework.boot.test.autoconfigure.restdocs.RestDocsTestExecutionListener, org.springframework.boot.test.autoconfigure.web.client.MockRestServiceServerResetTestExecutionListener, org.springframework.boot.test.autoconfigure.web.servlet.MockMvcPrintOnlyOnFailureTestExecutionListener, org.springframework.boot.test.autoconfigure.web.servlet.WebDriverTestExecutionListener, org.springframework.test.context.web.ServletTestExecutionListener, org.springframework.test.context.support.DirtiesContextBeforeModesTestExecutionListener, org.springframework.test.context.support.DependencyInjectionTestExecutionListener, org.springframework.test.context.support.DirtiesContextTestExecutionListener, org.springframework.test.context.transaction.TransactionalTestExecutionListener, org.springframework.test.context.jdbc.SqlScriptsTestExecutionListener]
2020-01-10 04:35:40 [main] INFO  o.s.b.t.c.SpringBootTestContextBootstrapper -
				Using TestExecutionListeners: [org.springframework.test.context.web.ServletTestExecutionListener@7b122839, org.springframework.test.context.support.DirtiesContextBeforeModesTestExecutionListener@3743539f, org.springframework.boot.test.mock.mockito.MockitoTestExecutionListener@d277579, org.springframework.boot.test.autoconfigure.SpringBootDependencyInjectionTestExecutionListener@5db6b845, org.springframework.test.context.support.DirtiesContextTestExecutionListener@378f002a, org.springframework.test.context.transaction.TransactionalTestExecutionListener@1afd72ef, org.springframework.test.context.jdbc.SqlScriptsTestExecutionListener@2cc75074, org.springframework.boot.test.mock.mockito.ResetMocksTestExecutionListener@445bb139, org.springframework.boot.test.autoconfigure.restdocs.RestDocsTestExecutionListener@b9a77c8, org.springframework.boot.test.autoconfigure.web.client.MockRestServiceServerResetTestExecutionListener@7a81065e, org.springframework.boot.test.autoconfigure.web.servlet.MockMvcPrintOnlyOnFailureTestExecutionListener@6cd3ad8a, org.springframework.boot.test.autoconfigure.web.servlet.WebDriverTestExecutionListener@75181b50]
2020-01-10 04:35:40 [main] INFO  c.s.keepnote.test.log.LoggerTest -
				Starting LoggerTest on ip-172-31-83-26 with PID 6346 (started by ubuntu in /home/ubuntu/Desktop/KeepNote-Step6-Boilerplate/UserService)
2020-01-10 04:35:40 [main] INFO  c.s.keepnote.test.log.LoggerTest -
				No active profile set, falling back to default profiles: default
2020-01-10 04:35:40 [main] INFO  o.s.w.c.s.GenericWebApplicationContext -
				Refreshing org.springframework.web.context.support.GenericWebApplicationContext@1947596f: startup date [Fri Jan 10 04:35:40 UTC 2020]; root of context hierarchy
2020-01-10 04:35:42 [Thread-9] INFO  o.s.b.a.mongo.embedded.EmbeddedMongo -
				note: noprealloc may hurt performance in many applications
2020-01-10 04:35:42 [Thread-9] INFO  o.s.b.a.mongo.embedded.EmbeddedMongo -
				2020-01-10T04:35:42.039+0000 I CONTROL  [initandlisten] MongoDB starting : pid=6412 port=34951 dbpath=/tmp/embedmongo-db-7f9a2d30-5f53-4fdb-b945-6fd638f597bf 64-bit host=ip-172-31-83-26
2020-01-10 04:35:42 [Thread-9] INFO  o.s.b.a.mongo.embedded.EmbeddedMongo -
				2020-01-10T04:35:42.039+0000 I CONTROL  [initandlisten] db version v3.2.2
2020-01-10 04:35:42 [Thread-9] INFO  o.s.b.a.mongo.embedded.EmbeddedMongo -
				2020-01-10T04:35:42.039+0000 I CONTROL  [initandlisten] git version: 6e71d0d568e134c029203593b00a0103e7cdf30b
2020-01-10 04:35:42 [Thread-9] INFO  o.s.b.a.mongo.embedded.EmbeddedMongo -
				2020-01-10T04:35:42.039+0000 I CONTROL  [initandlisten] allocator: tcmalloc
2020-01-10 04:35:42 [Thread-9] INFO  o.s.b.a.mongo.embedded.EmbeddedMongo -
				2020-01-10T04:35:42.039+0000 I CONTROL  [initandlisten] modules: none
2020-01-10 04:35:42 [Thread-9] INFO  o.s.b.a.mongo.embedded.EmbeddedMongo -
				2020-01-10T04:35:42.039+0000 I CONTROL  [initandlisten] build environment:
2020-01-10 04:35:42 [Thread-9] INFO  o.s.b.a.mongo.embedded.EmbeddedMongo -
				2020-01-10T04:35:42.039+0000 I CONTROL  [initandlisten]     distarch: x86_64
2020-01-10 04:35:42 [Thread-9] INFO  o.s.b.a.mongo.embedded.EmbeddedMongo -
				2020-01-10T04:35:42.039+0000 I CONTROL  [initandlisten]     target_arch: x86_64
2020-01-10 04:35:42 [Thread-9] INFO  o.s.b.a.mongo.embedded.EmbeddedMongo -
				2020-01-10T04:35:42.039+0000 I CONTROL  [initandlisten] options: { net: { bindIp: "127.0.0.1", http: { enabled: false }, port: 34951 }, security: { authorization: "disabled" }, storage: { dbPath: "/tmp/embedmongo-db-7f9a2d30-5f53-4fdb-b945-6fd638f597bf", journal: { enabled: false }, mmapv1: { preallocDataFiles: false, smallFiles: true }, syncPeriodSecs: 0.0 } }
2020-01-10 04:35:42 [Thread-9] INFO  o.s.b.a.mongo.embedded.EmbeddedMongo -
				2020-01-10T04:35:42.066+0000 I STORAGE  [initandlisten] wiredtiger_open config: create,cache_size=4G,session_max=20000,eviction=(threads_max=4),config_base=false,statistics=(fast),log=(enabled=true,archive=true,path=journal,compressor=snappy),file_manager=(close_idle_time=100000),checkpoint=(wait=0,log_size=2GB),statistics_log=(wait=0),,log=(enabled=false),
2020-01-10 04:35:42 [Thread-9] INFO  o.s.b.a.mongo.embedded.EmbeddedMongo -
				2020-01-10T04:35:42.121+0000 W STORAGE  [initandlisten] Detected configuration for non-active storage engine mmapv1 when current storage engine is wiredTiger
2020-01-10 04:35:42 [Thread-9] INFO  o.s.b.a.mongo.embedded.EmbeddedMongo -
				2020-01-10T04:35:42.123+0000 I FTDC     [initandlisten] Initializing full-time diagnostic data capture with directory '/tmp/embedmongo-db-7f9a2d30-5f53-4fdb-b945-6fd638f597bf/diagnostic.data'
2020-01-10 04:35:42 [Thread-9] INFO  o.s.b.a.mongo.embedded.EmbeddedMongo -
				2020-01-10T04:35:42.124+0000 I NETWORK  [HostnameCanonicalizationWorker] Starting hostname canonicalization worker
2020-01-10 04:35:42 [Thread-9] INFO  o.s.b.a.mongo.embedded.EmbeddedMongo -
				2020-01-10T04:35:42.143+0000 I NETWORK  [initandlisten] waiting for connections on port 34951
2020-01-10 04:35:42 [main] INFO  d.f.embed.process.runtime.Executable -
				start de.flapdoodle.embed.mongo.config.MongodConfigBuilder$ImmutableMongodConfig@4001d8c1
2020-01-10 04:35:42 [main] INFO  org.mongodb.driver.cluster -
				Cluster created with settings {hosts=[localhost:34951], mode=MULTIPLE, requiredClusterType=UNKNOWN, serverSelectionTimeout='30000 ms', maxWaitQueueSize=500}
2020-01-10 04:35:42 [main] INFO  org.mongodb.driver.cluster -
				Adding discovered server localhost:34951 to client view of cluster
2020-01-10 04:35:42 [Thread-9] INFO  o.s.b.a.mongo.embedded.EmbeddedMongo -
				2020-01-10T04:35:42.158+0000 I NETWORK  [initandlisten] connection accepted from 127.0.0.1:50096 #1 (1 connection now open)
2020-01-10 04:35:42 [cluster-ClusterId{value='5e17ff1e8efee718ca5d6ead', description='null'}-localhost:34951] INFO  org.mongodb.driver.connection -
				Opened connection [connectionId{localValue:3, serverValue:1}] to localhost:34951
2020-01-10 04:35:42 [cluster-ClusterId{value='5e17ff1e8efee718ca5d6ead', description='null'}-localhost:34951] INFO  org.mongodb.driver.cluster -
				Monitor thread successfully connected to server with description ServerDescription{address=localhost:34951, type=STANDALONE, state=CONNECTED, ok=true, version=ServerVersion{versionList=[3, 2, 2]}, minWireVersion=0, maxWireVersion=4, maxDocumentSize=16777216, logicalSessionTimeoutMinutes=null, roundTripTimeNanos=407111}
2020-01-10 04:35:42 [cluster-ClusterId{value='5e17ff1e8efee718ca5d6ead', description='null'}-localhost:34951] INFO  org.mongodb.driver.cluster -
				Discovered cluster type of STANDALONE
2020-01-10 04:35:42 [main] INFO  o.s.w.s.m.m.a.RequestMappingHandlerMapping -
				Mapped "{[/api/v1/user],methods=[POST]}" onto public org.springframework.http.ResponseEntity<?> com.stackroute.keepnote.controller.UserController.registerUser(com.stackroute.keepnote.model.User)
2020-01-10 04:35:42 [main] INFO  o.s.w.s.m.m.a.RequestMappingHandlerMapping -
				Mapped "{[/api/v1/user/{id}],methods=[PUT]}" onto public org.springframework.http.ResponseEntity<?> com.stackroute.keepnote.controller.UserController.updateUser(com.stackroute.keepnote.model.User,java.lang.String)
2020-01-10 04:35:42 [main] INFO  o.s.w.s.m.m.a.RequestMappingHandlerMapping -
				Mapped "{[/api/v1/user/{id}],methods=[DELETE]}" onto public org.springframework.http.ResponseEntity<?> com.stackroute.keepnote.controller.UserController.deleteUser(java.lang.String)
2020-01-10 04:35:42 [main] INFO  o.s.w.s.m.m.a.RequestMappingHandlerMapping -
				Mapped "{[/api/v1/user/{id}],methods=[GET]}" onto public org.springframework.http.ResponseEntity<?> com.stackroute.keepnote.controller.UserController.getUserById(java.lang.String)
2020-01-10 04:35:42 [main] INFO  o.s.w.s.m.m.a.RequestMappingHandlerMapping -
				Mapped "{[/swagger-resources/configuration/ui]}" onto public org.springframework.http.ResponseEntity<springfox.documentation.swagger.web.UiConfiguration> springfox.documentation.swagger.web.ApiResourceController.uiConfiguration()
2020-01-10 04:35:42 [main] INFO  o.s.w.s.m.m.a.RequestMappingHandlerMapping -
				Mapped "{[/swagger-resources/configuration/security]}" onto public org.springframework.http.ResponseEntity<springfox.documentation.swagger.web.SecurityConfiguration> springfox.documentation.swagger.web.ApiResourceController.securityConfiguration()
2020-01-10 04:35:42 [main] INFO  o.s.w.s.m.m.a.RequestMappingHandlerMapping -
				Mapped "{[/swagger-resources]}" onto public org.springframework.http.ResponseEntity<java.util.List<springfox.documentation.swagger.web.SwaggerResource>> springfox.documentation.swagger.web.ApiResourceController.swaggerResources()
2020-01-10 04:35:42 [main] INFO  o.s.w.s.m.m.a.RequestMappingHandlerMapping -
				Mapped "{[/error],produces=[text/html]}" onto public org.springframework.web.servlet.ModelAndView org.springframework.boot.autoconfigure.web.servlet.error.BasicErrorController.errorHtml(javax.servlet.http.HttpServletRequest,javax.servlet.http.HttpServletResponse)
2020-01-10 04:35:42 [main] INFO  o.s.w.s.m.m.a.RequestMappingHandlerMapping -
				Mapped "{[/error]}" onto public org.springframework.http.ResponseEntity<java.util.Map<java.lang.String, java.lang.Object>> org.springframework.boot.autoconfigure.web.servlet.error.BasicErrorController.error(javax.servlet.http.HttpServletRequest)
2020-01-10 04:35:42 [main] INFO  s.d.s.w.PropertySourcedRequestMappingHandlerMapping -
				Mapped URL path [/v2/api-docs] onto method [public org.springframework.http.ResponseEntity<springfox.documentation.spring.web.json.Json> springfox.documentation.swagger2.web.Swagger2Controller.getDocumentation(java.lang.String,javax.servlet.http.HttpServletRequest)]
2020-01-10 04:35:43 [main] INFO  o.s.w.s.h.SimpleUrlHandlerMapping -
				Mapped URL path [/**/favicon.ico] onto handler of type [class org.springframework.web.servlet.resource.ResourceHttpRequestHandler]
2020-01-10 04:35:43 [main] INFO  o.s.w.s.m.m.a.RequestMappingHandlerAdapter -
				Looking for @ControllerAdvice: org.springframework.web.context.support.GenericWebApplicationContext@1947596f: startup date [Fri Jan 10 04:35:40 UTC 2020]; root of context hierarchy
2020-01-10 04:35:43 [main] INFO  o.s.w.s.h.SimpleUrlHandlerMapping -
				Mapped URL path [/webjars/**] onto handler of type [class org.springframework.web.servlet.resource.ResourceHttpRequestHandler]
2020-01-10 04:35:43 [main] INFO  o.s.w.s.h.SimpleUrlHandlerMapping -
				Mapped URL path [/**] onto handler of type [class org.springframework.web.servlet.resource.ResourceHttpRequestHandler]
2020-01-10 04:35:43 [main] INFO  o.s.c.s.DefaultLifecycleProcessor -
				Starting beans in phase 2147483647
2020-01-10 04:35:43 [main] INFO  s.d.s.w.p.DocumentationPluginsBootstrapper -
				Context refreshed
2020-01-10 04:35:43 [main] INFO  s.d.s.w.p.DocumentationPluginsBootstrapper -
				Found 1 custom documentation plugin(s)
2020-01-10 04:35:44 [main] INFO  s.d.s.w.s.ApiListingReferenceScanner -
				Scanning for api listing references
2020-01-10 04:35:44 [main] INFO  c.s.keepnote.test.log.LoggerTest -
				Started LoggerTest in 3.795 seconds (JVM running for 13.889)
2020-01-10 04:35:44 [main] INFO  o.s.b.t.a.w.s.WebMvcTestContextBootstrapper -
				Neither @ContextConfiguration nor @ContextHierarchy found for test class [com.stackroute.keepnote.test.controller.UserControllerTest], using SpringBootContextLoader
2020-01-10 04:35:44 [main] INFO  o.s.t.c.s.AbstractContextLoader -
				Could not detect default resource locations for test class [com.stackroute.keepnote.test.controller.UserControllerTest]: no resource found for suffixes {-context.xml, Context.groovy}.
2020-01-10 04:35:44 [main] INFO  o.s.t.c.s.AnnotationConfigContextLoaderUtils -
				Could not detect default configuration classes for test class [com.stackroute.keepnote.test.controller.UserControllerTest]: UserControllerTest does not declare any static, non-private, non-final, nested classes annotated with @Configuration.
2020-01-10 04:35:44 [main] INFO  o.s.b.t.c.SpringBootTestContextBootstrapper -
				Found @SpringBootConfiguration com.stackroute.keepnote.UserServiceApplication for test class com.stackroute.keepnote.test.controller.UserControllerTest
2020-01-10 04:35:44 [main] INFO  o.s.b.t.a.w.s.WebMvcTestContextBootstrapper -
				Loaded default TestExecutionListener class names from location [META-INF/spring.factories]: [org.springframework.boot.test.mock.mockito.MockitoTestExecutionListener, org.springframework.boot.test.mock.mockito.ResetMocksTestExecutionListener, org.springframework.boot.test.autoconfigure.restdocs.RestDocsTestExecutionListener, org.springframework.boot.test.autoconfigure.web.client.MockRestServiceServerResetTestExecutionListener, org.springframework.boot.test.autoconfigure.web.servlet.MockMvcPrintOnlyOnFailureTestExecutionListener, org.springframework.boot.test.autoconfigure.web.servlet.WebDriverTestExecutionListener, org.springframework.test.context.web.ServletTestExecutionListener, org.springframework.test.context.support.DirtiesContextBeforeModesTestExecutionListener, org.springframework.test.context.support.DependencyInjectionTestExecutionListener, org.springframework.test.context.support.DirtiesContextTestExecutionListener, org.springframework.test.context.transaction.TransactionalTestExecutionListener, org.springframework.test.context.jdbc.SqlScriptsTestExecutionListener]
2020-01-10 04:35:44 [main] INFO  o.s.b.t.a.w.s.WebMvcTestContextBootstrapper -
				Using TestExecutionListeners: [org.springframework.test.context.web.ServletTestExecutionListener@3688baab, org.springframework.test.context.support.DirtiesContextBeforeModesTestExecutionListener@4fe2dd02, org.springframework.boot.test.mock.mockito.MockitoTestExecutionListener@6ba060af, org.springframework.boot.test.autoconfigure.SpringBootDependencyInjectionTestExecutionListener@5817f1ca, org.springframework.test.context.support.DirtiesContextTestExecutionListener@2b395581, org.springframework.test.context.transaction.TransactionalTestExecutionListener@726a8729, org.springframework.test.context.jdbc.SqlScriptsTestExecutionListener@1a2724d3, org.springframework.boot.test.mock.mockito.ResetMocksTestExecutionListener@7dd91ffc, org.springframework.boot.test.autoconfigure.restdocs.RestDocsTestExecutionListener@1c2dd89b, org.springframework.boot.test.autoconfigure.web.client.MockRestServiceServerResetTestExecutionListener@3ad847f8, org.springframework.boot.test.autoconfigure.web.servlet.MockMvcPrintOnlyOnFailureTestExecutionListener@19faedcc, org.springframework.boot.test.autoconfigure.web.servlet.WebDriverTestExecutionListener@2c6927f0]
2020-01-10 04:35:44 [main] INFO  c.s.k.t.c.UserControllerTest -
				Starting UserControllerTest on ip-172-31-83-26 with PID 6346 (started by ubuntu in /home/ubuntu/Desktop/KeepNote-Step6-Boilerplate/UserService)
2020-01-10 04:35:44 [main] INFO  c.s.k.t.c.UserControllerTest -
				No active profile set, falling back to default profiles: default
2020-01-10 04:35:44 [main] INFO  o.s.w.c.s.GenericWebApplicationContext -
				Refreshing org.springframework.web.context.support.GenericWebApplicationContext@5b3518e1: startup date [Fri Jan 10 04:35:44 UTC 2020]; root of context hierarchy
2020-01-10 04:35:44 [main] INFO  o.s.w.s.h.SimpleUrlHandlerMapping -
				Mapped URL path [/**/favicon.ico] onto handler of type [class org.springframework.web.servlet.resource.ResourceHttpRequestHandler]
2020-01-10 04:35:44 [main] INFO  o.s.w.s.m.m.a.RequestMappingHandlerAdapter -
				Looking for @ControllerAdvice: org.springframework.web.context.support.GenericWebApplicationContext@5b3518e1: startup date [Fri Jan 10 04:35:44 UTC 2020]; root of context hierarchy
2020-01-10 04:35:44 [main] INFO  o.s.w.s.m.m.a.RequestMappingHandlerMapping -
				Mapped "{[/api/v1/user],methods=[POST]}" onto public org.springframework.http.ResponseEntity<?> com.stackroute.keepnote.controller.UserController.registerUser(com.stackroute.keepnote.model.User)
2020-01-10 04:35:44 [main] INFO  o.s.w.s.m.m.a.RequestMappingHandlerMapping -
				Mapped "{[/api/v1/user/{id}],methods=[PUT]}" onto public org.springframework.http.ResponseEntity<?> com.stackroute.keepnote.controller.UserController.updateUser(com.stackroute.keepnote.model.User,java.lang.String)
2020-01-10 04:35:44 [main] INFO  o.s.w.s.m.m.a.RequestMappingHandlerMapping -
				Mapped "{[/api/v1/user/{id}],methods=[DELETE]}" onto public org.springframework.http.ResponseEntity<?> com.stackroute.keepnote.controller.UserController.deleteUser(java.lang.String)
2020-01-10 04:35:44 [main] INFO  o.s.w.s.m.m.a.RequestMappingHandlerMapping -
				Mapped "{[/api/v1/user/{id}],methods=[GET]}" onto public org.springframework.http.ResponseEntity<?> com.stackroute.keepnote.controller.UserController.getUserById(java.lang.String)
2020-01-10 04:35:44 [main] INFO  o.s.w.s.m.m.a.RequestMappingHandlerMapping -
				Mapped "{[/error],produces=[text/html]}" onto public org.springframework.web.servlet.ModelAndView org.springframework.boot.autoconfigure.web.servlet.error.BasicErrorController.errorHtml(javax.servlet.http.HttpServletRequest,javax.servlet.http.HttpServletResponse)
2020-01-10 04:35:44 [main] INFO  o.s.w.s.m.m.a.RequestMappingHandlerMapping -
				Mapped "{[/error]}" onto public org.springframework.http.ResponseEntity<java.util.Map<java.lang.String, java.lang.Object>> org.springframework.boot.autoconfigure.web.servlet.error.BasicErrorController.error(javax.servlet.http.HttpServletRequest)
2020-01-10 04:35:44 [main] INFO  o.s.w.s.h.SimpleUrlHandlerMapping -
				Mapped URL path [/webjars/**] onto handler of type [class org.springframework.web.servlet.resource.ResourceHttpRequestHandler]
2020-01-10 04:35:44 [main] INFO  o.s.w.s.h.SimpleUrlHandlerMapping -
				Mapped URL path [/**] onto handler of type [class org.springframework.web.servlet.resource.ResourceHttpRequestHandler]
2020-01-10 04:35:45 [main] INFO  o.s.b.t.m.w.SpringBootMockServletContext -
				Initializing Spring FrameworkServlet ''
2020-01-10 04:35:45 [main] INFO  o.s.t.w.s.TestDispatcherServlet -
				FrameworkServlet '': initialization started
2020-01-10 04:35:45 [main] INFO  o.s.t.w.s.TestDispatcherServlet -
				FrameworkServlet '': initialization completed in 22 ms
2020-01-10 04:35:45 [main] INFO  c.s.k.t.c.UserControllerTest -
				Started UserControllerTest in 0.697 seconds (JVM running for 14.641)
2020-01-10 04:35:45 [main] INFO  o.s.w.s.m.m.a.RequestMappingHandlerMapping -
				Mapped "{[/api/v1/user],methods=[POST]}" onto public org.springframework.http.ResponseEntity<?> com.stackroute.keepnote.controller.UserController.registerUser(com.stackroute.keepnote.model.User)
2020-01-10 04:35:45 [main] INFO  o.s.w.s.m.m.a.RequestMappingHandlerMapping -
				Mapped "{[/api/v1/user/{id}],methods=[PUT]}" onto public org.springframework.http.ResponseEntity<?> com.stackroute.keepnote.controller.UserController.updateUser(com.stackroute.keepnote.model.User,java.lang.String)
2020-01-10 04:35:45 [main] INFO  o.s.w.s.m.m.a.RequestMappingHandlerMapping -
				Mapped "{[/api/v1/user/{id}],methods=[DELETE]}" onto public org.springframework.http.ResponseEntity<?> com.stackroute.keepnote.controller.UserController.deleteUser(java.lang.String)
2020-01-10 04:35:45 [main] INFO  o.s.w.s.m.m.a.RequestMappingHandlerMapping -
				Mapped "{[/api/v1/user/{id}],methods=[GET]}" onto public org.springframework.http.ResponseEntity<?> com.stackroute.keepnote.controller.UserController.getUserById(java.lang.String)
2020-01-10 04:35:45 [main] INFO  o.s.w.s.m.m.a.RequestMappingHandlerAdapter -
				Looking for @ControllerAdvice: org.springframework.test.web.servlet.setup.StubWebApplicationContext@586737ff
2020-01-10 04:35:45 [main] INFO  o.s.mock.web.MockServletContext -
				Initializing Spring FrameworkServlet ''
2020-01-10 04:35:45 [main] INFO  o.s.t.w.s.TestDispatcherServlet -
				FrameworkServlet '': initialization started
2020-01-10 04:35:45 [main] INFO  o.s.t.w.s.TestDispatcherServlet -
				FrameworkServlet '': initialization completed in 0 ms
2020-01-10 04:35:45 [main] INFO  o.s.w.s.m.m.a.RequestMappingHandlerMapping -
				Mapped "{[/api/v1/user],methods=[POST]}" onto public org.springframework.http.ResponseEntity<?> com.stackroute.keepnote.controller.UserController.registerUser(com.stackroute.keepnote.model.User)
2020-01-10 04:35:45 [main] INFO  o.s.w.s.m.m.a.RequestMappingHandlerMapping -
				Mapped "{[/api/v1/user/{id}],methods=[PUT]}" onto public org.springframework.http.ResponseEntity<?> com.stackroute.keepnote.controller.UserController.updateUser(com.stackroute.keepnote.model.User,java.lang.String)
2020-01-10 04:35:45 [main] INFO  o.s.w.s.m.m.a.RequestMappingHandlerMapping -
				Mapped "{[/api/v1/user/{id}],methods=[DELETE]}" onto public org.springframework.http.ResponseEntity<?> com.stackroute.keepnote.controller.UserController.deleteUser(java.lang.String)
2020-01-10 04:35:45 [main] INFO  o.s.w.s.m.m.a.RequestMappingHandlerMapping -
				Mapped "{[/api/v1/user/{id}],methods=[GET]}" onto public org.springframework.http.ResponseEntity<?> com.stackroute.keepnote.controller.UserController.getUserById(java.lang.String)
2020-01-10 04:35:45 [main] INFO  o.s.w.s.m.m.a.RequestMappingHandlerAdapter -
				Looking for @ControllerAdvice: org.springframework.test.web.servlet.setup.StubWebApplicationContext@43ab9ae9
2020-01-10 04:35:45 [main] INFO  o.s.mock.web.MockServletContext -
				Initializing Spring FrameworkServlet ''
2020-01-10 04:35:45 [main] INFO  o.s.t.w.s.TestDispatcherServlet -
				FrameworkServlet '': initialization started
2020-01-10 04:35:45 [main] INFO  o.s.t.w.s.TestDispatcherServlet -
				FrameworkServlet '': initialization completed in 0 ms
2020-01-10 04:35:45 [main] INFO  o.s.w.s.m.m.a.RequestMappingHandlerMapping -
				Mapped "{[/api/v1/user],methods=[POST]}" onto public org.springframework.http.ResponseEntity<?> com.stackroute.keepnote.controller.UserController.registerUser(com.stackroute.keepnote.model.User)
2020-01-10 04:35:45 [main] INFO  o.s.w.s.m.m.a.RequestMappingHandlerMapping -
				Mapped "{[/api/v1/user/{id}],methods=[PUT]}" onto public org.springframework.http.ResponseEntity<?> com.stackroute.keepnote.controller.UserController.updateUser(com.stackroute.keepnote.model.User,java.lang.String)
2020-01-10 04:35:45 [main] INFO  o.s.w.s.m.m.a.RequestMappingHandlerMapping -
				Mapped "{[/api/v1/user/{id}],methods=[DELETE]}" onto public org.springframework.http.ResponseEntity<?> com.stackroute.keepnote.controller.UserController.deleteUser(java.lang.String)
2020-01-10 04:35:45 [main] INFO  o.s.w.s.m.m.a.RequestMappingHandlerMapping -
				Mapped "{[/api/v1/user/{id}],methods=[GET]}" onto public org.springframework.http.ResponseEntity<?> com.stackroute.keepnote.controller.UserController.getUserById(java.lang.String)
2020-01-10 04:35:45 [main] INFO  o.s.w.s.m.m.a.RequestMappingHandlerAdapter -
				Looking for @ControllerAdvice: org.springframework.test.web.servlet.setup.StubWebApplicationContext@7221539
2020-01-10 04:35:45 [main] INFO  o.s.mock.web.MockServletContext -
				Initializing Spring FrameworkServlet ''
2020-01-10 04:35:45 [main] INFO  o.s.t.w.s.TestDispatcherServlet -
				FrameworkServlet '': initialization started
2020-01-10 04:35:45 [main] INFO  o.s.t.w.s.TestDispatcherServlet -
				FrameworkServlet '': initialization completed in 0 ms
2020-01-10 04:35:45 [main] INFO  o.s.w.s.m.m.a.RequestMappingHandlerMapping -
				Mapped "{[/api/v1/user],methods=[POST]}" onto public org.springframework.http.ResponseEntity<?> com.stackroute.keepnote.controller.UserController.registerUser(com.stackroute.keepnote.model.User)
2020-01-10 04:35:45 [main] INFO  o.s.w.s.m.m.a.RequestMappingHandlerMapping -
				Mapped "{[/api/v1/user/{id}],methods=[PUT]}" onto public org.springframework.http.ResponseEntity<?> com.stackroute.keepnote.controller.UserController.updateUser(com.stackroute.keepnote.model.User,java.lang.String)
2020-01-10 04:35:45 [main] INFO  o.s.w.s.m.m.a.RequestMappingHandlerMapping -
				Mapped "{[/api/v1/user/{id}],methods=[DELETE]}" onto public org.springframework.http.ResponseEntity<?> com.stackroute.keepnote.controller.UserController.deleteUser(java.lang.String)
2020-01-10 04:35:45 [main] INFO  o.s.w.s.m.m.a.RequestMappingHandlerMapping -
				Mapped "{[/api/v1/user/{id}],methods=[GET]}" onto public org.springframework.http.ResponseEntity<?> com.stackroute.keepnote.controller.UserController.getUserById(java.lang.String)
2020-01-10 04:35:45 [main] INFO  o.s.w.s.m.m.a.RequestMappingHandlerAdapter -
				Looking for @ControllerAdvice: org.springframework.test.web.servlet.setup.StubWebApplicationContext@77d0dbba
2020-01-10 04:35:45 [main] INFO  o.s.mock.web.MockServletContext -
				Initializing Spring FrameworkServlet ''
2020-01-10 04:35:45 [main] INFO  o.s.t.w.s.TestDispatcherServlet -
				FrameworkServlet '': initialization started
2020-01-10 04:35:45 [main] INFO  o.s.t.w.s.TestDispatcherServlet -
				FrameworkServlet '': initialization completed in 0 ms
2020-01-10 04:35:45 [main] INFO  o.s.w.s.m.m.a.RequestMappingHandlerMapping -
				Mapped "{[/api/v1/user],methods=[POST]}" onto public org.springframework.http.ResponseEntity<?> com.stackroute.keepnote.controller.UserController.registerUser(com.stackroute.keepnote.model.User)
2020-01-10 04:35:45 [main] INFO  o.s.w.s.m.m.a.RequestMappingHandlerMapping -
				Mapped "{[/api/v1/user/{id}],methods=[PUT]}" onto public org.springframework.http.ResponseEntity<?> com.stackroute.keepnote.controller.UserController.updateUser(com.stackroute.keepnote.model.User,java.lang.String)
2020-01-10 04:35:45 [main] INFO  o.s.w.s.m.m.a.RequestMappingHandlerMapping -
				Mapped "{[/api/v1/user/{id}],methods=[DELETE]}" onto public org.springframework.http.ResponseEntity<?> com.stackroute.keepnote.controller.UserController.deleteUser(java.lang.String)
2020-01-10 04:35:45 [main] INFO  o.s.w.s.m.m.a.RequestMappingHandlerMapping -
				Mapped "{[/api/v1/user/{id}],methods=[GET]}" onto public org.springframework.http.ResponseEntity<?> com.stackroute.keepnote.controller.UserController.getUserById(java.lang.String)
2020-01-10 04:35:45 [main] INFO  o.s.w.s.m.m.a.RequestMappingHandlerAdapter -
				Looking for @ControllerAdvice: org.springframework.test.web.servlet.setup.StubWebApplicationContext@60ae7cf2
2020-01-10 04:35:45 [main] INFO  o.s.mock.web.MockServletContext -
				Initializing Spring FrameworkServlet ''
2020-01-10 04:35:45 [main] INFO  o.s.t.w.s.TestDispatcherServlet -
				FrameworkServlet '': initialization started
2020-01-10 04:35:45 [main] INFO  o.s.t.w.s.TestDispatcherServlet -
				FrameworkServlet '': initialization completed in 0 ms
2020-01-10 04:35:45 [main] INFO  o.s.w.s.m.m.a.RequestMappingHandlerMapping -
				Mapped "{[/api/v1/user],methods=[POST]}" onto public org.springframework.http.ResponseEntity<?> com.stackroute.keepnote.controller.UserController.registerUser(com.stackroute.keepnote.model.User)
2020-01-10 04:35:45 [main] INFO  o.s.w.s.m.m.a.RequestMappingHandlerMapping -
				Mapped "{[/api/v1/user/{id}],methods=[PUT]}" onto public org.springframework.http.ResponseEntity<?> com.stackroute.keepnote.controller.UserController.updateUser(com.stackroute.keepnote.model.User,java.lang.String)
2020-01-10 04:35:45 [main] INFO  o.s.w.s.m.m.a.RequestMappingHandlerMapping -
				Mapped "{[/api/v1/user/{id}],methods=[DELETE]}" onto public org.springframework.http.ResponseEntity<?> com.stackroute.keepnote.controller.UserController.deleteUser(java.lang.String)
2020-01-10 04:35:45 [main] INFO  o.s.w.s.m.m.a.RequestMappingHandlerMapping -
				Mapped "{[/api/v1/user/{id}],methods=[GET]}" onto public org.springframework.http.ResponseEntity<?> com.stackroute.keepnote.controller.UserController.getUserById(java.lang.String)
2020-01-10 04:35:45 [main] INFO  o.s.w.s.m.m.a.RequestMappingHandlerAdapter -
				Looking for @ControllerAdvice: org.springframework.test.web.servlet.setup.StubWebApplicationContext@403f7aa2
2020-01-10 04:35:45 [main] INFO  o.s.mock.web.MockServletContext -
				Initializing Spring FrameworkServlet ''
2020-01-10 04:35:45 [main] INFO  o.s.t.w.s.TestDispatcherServlet -
				FrameworkServlet '': initialization started
2020-01-10 04:35:45 [main] INFO  o.s.t.w.s.TestDispatcherServlet -
				FrameworkServlet '': initialization completed in 1 ms
2020-01-10 04:35:45 [main] INFO  o.s.w.s.m.m.a.RequestMappingHandlerMapping -
				Mapped "{[/api/v1/user],methods=[POST]}" onto public org.springframework.http.ResponseEntity<?> com.stackroute.keepnote.controller.UserController.registerUser(com.stackroute.keepnote.model.User)
2020-01-10 04:35:45 [main] INFO  o.s.w.s.m.m.a.RequestMappingHandlerMapping -
				Mapped "{[/api/v1/user/{id}],methods=[PUT]}" onto public org.springframework.http.ResponseEntity<?> com.stackroute.keepnote.controller.UserController.updateUser(com.stackroute.keepnote.model.User,java.lang.String)
2020-01-10 04:35:45 [main] INFO  o.s.w.s.m.m.a.RequestMappingHandlerMapping -
				Mapped "{[/api/v1/user/{id}],methods=[DELETE]}" onto public org.springframework.http.ResponseEntity<?> com.stackroute.keepnote.controller.UserController.deleteUser(java.lang.String)
2020-01-10 04:35:45 [main] INFO  o.s.w.s.m.m.a.RequestMappingHandlerMapping -
				Mapped "{[/api/v1/user/{id}],methods=[GET]}" onto public org.springframework.http.ResponseEntity<?> com.stackroute.keepnote.controller.UserController.getUserById(java.lang.String)
2020-01-10 04:35:45 [main] INFO  o.s.w.s.m.m.a.RequestMappingHandlerAdapter -
				Looking for @ControllerAdvice: org.springframework.test.web.servlet.setup.StubWebApplicationContext@70d687b8
2020-01-10 04:35:45 [main] INFO  o.s.mock.web.MockServletContext -
				Initializing Spring FrameworkServlet ''
2020-01-10 04:35:45 [main] INFO  o.s.t.w.s.TestDispatcherServlet -
				FrameworkServlet '': initialization started
2020-01-10 04:35:45 [main] INFO  o.s.t.w.s.TestDispatcherServlet -
				FrameworkServlet '': initialization completed in 1 ms
2020-01-10 04:35:45 [main] INFO  o.s.w.s.m.m.a.RequestMappingHandlerMapping -
				Mapped "{[/api/v1/user],methods=[POST]}" onto public org.springframework.http.ResponseEntity<?> com.stackroute.keepnote.controller.UserController.registerUser(com.stackroute.keepnote.model.User)
2020-01-10 04:35:45 [main] INFO  o.s.w.s.m.m.a.RequestMappingHandlerMapping -
				Mapped "{[/api/v1/user/{id}],methods=[PUT]}" onto public org.springframework.http.ResponseEntity<?> com.stackroute.keepnote.controller.UserController.updateUser(com.stackroute.keepnote.model.User,java.lang.String)
2020-01-10 04:35:45 [main] INFO  o.s.w.s.m.m.a.RequestMappingHandlerMapping -
				Mapped "{[/api/v1/user/{id}],methods=[DELETE]}" onto public org.springframework.http.ResponseEntity<?> com.stackroute.keepnote.controller.UserController.deleteUser(java.lang.String)
2020-01-10 04:35:45 [main] INFO  o.s.w.s.m.m.a.RequestMappingHandlerMapping -
				Mapped "{[/api/v1/user/{id}],methods=[GET]}" onto public org.springframework.http.ResponseEntity<?> com.stackroute.keepnote.controller.UserController.getUserById(java.lang.String)
2020-01-10 04:35:45 [main] INFO  o.s.w.s.m.m.a.RequestMappingHandlerAdapter -
				Looking for @ControllerAdvice: org.springframework.test.web.servlet.setup.StubWebApplicationContext@f1d1463
2020-01-10 04:35:45 [main] INFO  o.s.mock.web.MockServletContext -
				Initializing Spring FrameworkServlet ''
2020-01-10 04:35:45 [main] INFO  o.s.t.w.s.TestDispatcherServlet -
				FrameworkServlet '': initialization started
2020-01-10 04:35:45 [main] INFO  o.s.t.w.s.TestDispatcherServlet -
				FrameworkServlet '': initialization completed in 1 ms
2020-01-10 04:35:45 [Thread-11] INFO  o.s.w.c.s.GenericWebApplicationContext -
				Closing org.springframework.web.context.support.GenericWebApplicationContext@1947596f: startup date [Fri Jan 10 04:35:40 UTC 2020]; root of context hierarchy
2020-01-10 04:35:45 [Thread-11] INFO  o.s.c.s.DefaultLifecycleProcessor -
				Stopping beans in phase 2147483647
2020-01-10 04:35:45 [Thread-13] INFO  o.s.w.c.s.GenericWebApplicationContext -
				Closing org.springframework.web.context.support.GenericWebApplicationContext@5b3518e1: startup date [Fri Jan 10 04:35:44 UTC 2020]; root of context hierarchy
2020-01-10 04:35:45 [Thread-6] INFO  o.s.c.a.AnnotationConfigApplicationContext -
				Closing org.springframework.context.annotation.AnnotationConfigApplicationContext@19b843ba: startup date [Fri Jan 10 04:35:32 UTC 2020]; root of context hierarchy
2020-01-10 04:35:45 [Thread-6] INFO  org.mongodb.driver.connection -
				Closed connection [connectionId{localValue:2, serverValue:2}] to localhost:36751 because the pool has been closed.
2020-01-10 04:35:45 [Thread-4] INFO  o.s.b.a.mongo.embedded.EmbeddedMongo -
				2020-01-10T04:35:45.705+0000 I NETWORK  [initandlisten] connection accepted from 127.0.0.1:46682 #3 (3 connections now open)
2020-01-10 04:35:45 [Thread-9] INFO  o.s.b.a.mongo.embedded.EmbeddedMongo -
				2020-01-10T04:35:45.706+0000 I NETWORK  [initandlisten] connection accepted from 127.0.0.1:50100 #2 (2 connections now open)
2020-01-10 04:35:45 [Thread-4] INFO  o.s.b.a.mongo.embedded.EmbeddedMongo -
				2020-01-10T04:35:45.707+0000 I NETWORK  [conn1] end connection 127.0.0.1:46676 (2 connections now open)
2020-01-10 04:35:45 [Thread-4] INFO  o.s.b.a.mongo.embedded.EmbeddedMongo -
				2020-01-10T04:35:45.708+0000 I NETWORK  [conn2] end connection 127.0.0.1:46678 (1 connection now open)
2020-01-10 04:35:45 [Thread-9] INFO  o.s.b.a.mongo.embedded.EmbeddedMongo -
				2020-01-10T04:35:45.713+0000 I NETWORK  [conn1] end connection 127.0.0.1:50096 (1 connection now open)
2020-01-10 04:35:45 [Thread-9] INFO  o.s.b.a.mongo.embedded.EmbeddedMongo -
				2020-01-10T04:35:45.713+0000 I COMMAND  [conn2] terminating, shutdown command received
2020-01-10 04:35:45 [Thread-9] INFO  o.s.b.a.mongo.embedded.EmbeddedMongo -
				2020-01-10T04:35:45.713+0000 I FTDC     [conn2] Shutting down full-time diagnostic data capture
2020-01-10 04:35:45 [Thread-9] INFO  o.s.b.a.mongo.embedded.EmbeddedMongo -
				2020-01-10T04:35:45.715+0000 I CONTROL  [conn2] now exiting
2020-01-10 04:35:46 [Thread-9] INFO  o.s.b.a.mongo.embedded.EmbeddedMongo -
				2020-01-10T04:35:45.715+0000 I NETWORK  [conn2] shutdown: going to close listening sockets...
2020-01-10 04:35:46 [Thread-9] INFO  o.s.b.a.mongo.embedded.EmbeddedMongo -
				2020-01-10T04:35:45.715+0000 I NETWORK  [conn2] closing listening socket: 5
2020-01-10 04:35:46 [Thread-9] INFO  o.s.b.a.mongo.embedded.EmbeddedMongo -
				2020-01-10T04:35:45.715+0000 I NETWORK  [conn2] closing listening socket: 6
2020-01-10 04:35:46 [Thread-9] INFO  o.s.b.a.mongo.embedded.EmbeddedMongo -
				2020-01-10T04:35:45.715+0000 I NETWORK  [conn2] removing socket file: /tmp/mongodb-34951.sock
2020-01-10 04:35:46 [Thread-9] INFO  o.s.b.a.mongo.embedded.EmbeddedMongo -
				2020-01-10T04:35:45.716+0000 I NETWORK  [conn2] shutdown: going to flush diaglog...
2020-01-10 04:35:46 [Thread-9] INFO  o.s.b.a.mongo.embedded.EmbeddedMongo -
				2020-01-10T04:35:45.716+0000 I NETWORK  [conn2] shutdown: going to close sockets...
2020-01-10 04:35:46 [Thread-9] INFO  o.s.b.a.mongo.embedded.EmbeddedMongo -
				2020-01-10T04:35:45.716+0000 I STORAGE  [conn2] WiredTigerKVEngine shutting down
2020-01-10 04:35:45 [Thread-4] INFO  o.s.b.a.mongo.embedded.EmbeddedMongo -
				2020-01-10T04:35:45.727+0000 I COMMAND  [conn3] terminating, shutdown command received
2020-01-10 04:35:46 [Thread-4] INFO  o.s.b.a.mongo.embedded.EmbeddedMongo -
				2020-01-10T04:35:45.727+0000 I FTDC     [conn3] Shutting down full-time diagnostic data capture
2020-01-10 04:35:46 [Thread-4] INFO  o.s.b.a.mongo.embedded.EmbeddedMongo -
				2020-01-10T04:35:45.728+0000 I CONTROL  [conn3] now exiting
2020-01-10 04:35:45 [Thread-8] INFO  d.f.e.process.runtime.ProcessControl -
				stopOrDestroyProcess: process hasn't exited 
2020-01-10 04:35:46 [Thread-4] INFO  o.s.b.a.mongo.embedded.EmbeddedMongo -
				2020-01-10T04:35:45.728+0000 I NETWORK  [conn3] shutdown: going to close listening sockets...
2020-01-10 04:35:46 [Thread-4] INFO  o.s.b.a.mongo.embedded.EmbeddedMongo -
				2020-01-10T04:35:45.728+0000 I NETWORK  [conn3] closing listening socket: 5
2020-01-10 04:35:46 [Thread-4] INFO  o.s.b.a.mongo.embedded.EmbeddedMongo -
				2020-01-10T04:35:45.728+0000 I NETWORK  [conn3] closing listening socket: 6
2020-01-10 04:35:46 [Thread-4] INFO  o.s.b.a.mongo.embedded.EmbeddedMongo -
				2020-01-10T04:35:45.728+0000 I NETWORK  [conn3] removing socket file: /tmp/mongodb-36751.sock
2020-01-10 04:35:46 [Thread-4] INFO  o.s.b.a.mongo.embedded.EmbeddedMongo -
				2020-01-10T04:35:46.231+0000 I NETWORK  [conn3] shutdown: going to flush diaglog...
2020-01-10 04:35:46 [Thread-4] INFO  o.s.b.a.mongo.embedded.EmbeddedMongo -
				2020-01-10T04:35:46.231+0000 I NETWORK  [conn3] shutdown: going to close sockets...
2020-01-10 04:35:46 [Thread-4] INFO  o.s.b.a.mongo.embedded.EmbeddedMongo -
				2020-01-10T04:35:46.231+0000 I STORAGE  [conn3] WiredTigerKVEngine shutting down
2020-01-10 04:35:46 [Thread-9] INFO  o.s.b.a.mongo.embedded.EmbeddedMongo -
				2020-01-10T04:35:46.250+0000 I STORAGE  [conn2] shutdown: removing fs lock...
2020-01-10 04:35:46 [Thread-9] INFO  o.s.b.a.mongo.embedded.EmbeddedMongo -
				2020-01-10T04:35:46.250+0000 I CONTROL  [conn2] dbexit:  rc: 0
2020-01-10 04:35:46 [Thread-4] INFO  o.s.b.a.mongo.embedded.EmbeddedMongo -
				2020-01-10T04:35:46.254+0000 I STORAGE  [conn3] shutdown: removing fs lock...
2020-01-10 04:35:46 [Thread-4] INFO  o.s.b.a.mongo.embedded.EmbeddedMongo -
				2020-01-10T04:35:46.254+0000 I CONTROL  [conn3] dbexit:  rc: 0
